[0.319s] DEBUG:colcon:Command line arguments: ['/usr/bin/colcon', 'build', '--packages-select', 'ros2_control_demo_example_2']
[0.319s] DEBUG:colcon:Parsed command line arguments: Namespace(log_base=None, log_level=None, verb_name='build', build_base='build', install_base='install', merge_install=False, symlink_install=False, test_result_base=None, continue_on_error=False, executor='parallel', parallel_workers=8, event_handlers=None, ignore_user_meta=False, metas=['./colcon.meta'], base_paths=['.'], packages_ignore=None, packages_ignore_regex=None, paths=None, packages_up_to=None, packages_up_to_regex=None, packages_above=None, packages_above_and_dependencies=None, packages_above_depth=None, packages_select_by_dep=None, packages_skip_by_dep=None, packages_skip_up_to=None, packages_select_build_failed=False, packages_skip_build_finished=False, packages_select_test_failures=False, packages_skip_test_passed=False, packages_select=['ros2_control_demo_example_2'], packages_skip=None, packages_select_regex=None, packages_skip_regex=None, packages_start=None, packages_end=None, allow_overriding=[], cmake_args=None, cmake_target=None, cmake_target_skip_unavailable=False, cmake_clean_cache=False, cmake_clean_first=False, cmake_force_configure=False, ament_cmake_args=None, catkin_cmake_args=None, catkin_skip_building_tests=False, verb_parser=<colcon_defaults.argument_parser.defaults.DefaultArgumentsDecorator object at 0xffff3dad3760>, verb_extension=<colcon_core.verb.build.BuildVerb object at 0xffff3dfcfa30>, main=<bound method BuildVerb.main of <colcon_core.verb.build.BuildVerb object at 0xffff3dfcfa30>>)
[0.335s] Level 1:colcon.colcon_core.package_discovery:discover_packages(colcon_meta) check parameters
[0.335s] Level 1:colcon.colcon_core.package_discovery:discover_packages(recursive) check parameters
[0.335s] Level 1:colcon.colcon_core.package_discovery:discover_packages(ignore) check parameters
[0.335s] Level 1:colcon.colcon_core.package_discovery:discover_packages(path) check parameters
[0.335s] Level 1:colcon.colcon_core.package_discovery:discover_packages(colcon_meta) discover
[0.335s] Level 1:colcon.colcon_core.package_discovery:discover_packages(recursive) discover
[0.335s] INFO:colcon.colcon_core.package_discovery:Crawling recursively for packages in '/home/ubuntu/Documents/swarm'
[0.335s] Level 1:colcon.colcon_core.package_identification:_identify(.) by extensions ['ignore', 'ignore_ament_install']
[0.335s] Level 1:colcon.colcon_core.package_identification:_identify(.) by extension 'ignore'
[0.335s] Level 1:colcon.colcon_core.package_identification:_identify(.) by extension 'ignore_ament_install'
[0.335s] Level 1:colcon.colcon_core.package_identification:_identify(.) by extensions ['colcon_pkg']
[0.335s] Level 1:colcon.colcon_core.package_identification:_identify(.) by extension 'colcon_pkg'
[0.335s] Level 1:colcon.colcon_core.package_identification:_identify(.) by extensions ['colcon_meta']
[0.335s] Level 1:colcon.colcon_core.package_identification:_identify(.) by extension 'colcon_meta'
[0.335s] Level 1:colcon.colcon_core.package_identification:_identify(.) by extensions ['ros']
[0.335s] Level 1:colcon.colcon_core.package_identification:_identify(.) by extension 'ros'
[0.340s] Level 1:colcon.colcon_core.package_identification:_identify(.) by extensions ['cmake', 'python']
[0.340s] Level 1:colcon.colcon_core.package_identification:_identify(.) by extension 'cmake'
[0.340s] Level 1:colcon.colcon_core.package_identification:_identify(.) by extension 'python'
[0.340s] Level 1:colcon.colcon_core.package_identification:_identify(.) by extensions ['python_setup_py']
[0.340s] Level 1:colcon.colcon_core.package_identification:_identify(.) by extension 'python_setup_py'
[0.340s] Level 1:colcon.colcon_core.package_identification:_identify(Rasp) by extensions ['ignore', 'ignore_ament_install']
[0.340s] Level 1:colcon.colcon_core.package_identification:_identify(Rasp) by extension 'ignore'
[0.340s] Level 1:colcon.colcon_core.package_identification:_identify(Rasp) by extension 'ignore_ament_install'
[0.341s] Level 1:colcon.colcon_core.package_identification:_identify(Rasp) by extensions ['colcon_pkg']
[0.341s] Level 1:colcon.colcon_core.package_identification:_identify(Rasp) by extension 'colcon_pkg'
[0.341s] Level 1:colcon.colcon_core.package_identification:_identify(Rasp) by extensions ['colcon_meta']
[0.341s] Level 1:colcon.colcon_core.package_identification:_identify(Rasp) by extension 'colcon_meta'
[0.341s] Level 1:colcon.colcon_core.package_identification:_identify(Rasp) by extensions ['ros']
[0.341s] Level 1:colcon.colcon_core.package_identification:_identify(Rasp) by extension 'ros'
[0.341s] Level 1:colcon.colcon_core.package_identification:_identify(Rasp) by extensions ['cmake', 'python']
[0.341s] Level 1:colcon.colcon_core.package_identification:_identify(Rasp) by extension 'cmake'
[0.341s] Level 1:colcon.colcon_core.package_identification:_identify(Rasp) by extension 'python'
[0.341s] Level 1:colcon.colcon_core.package_identification:_identify(Rasp) by extensions ['python_setup_py']
[0.341s] Level 1:colcon.colcon_core.package_identification:_identify(Rasp) by extension 'python_setup_py'
[0.341s] Level 1:colcon.colcon_core.package_identification:_identify(Rasp/Code) by extensions ['ignore', 'ignore_ament_install']
[0.341s] Level 1:colcon.colcon_core.package_identification:_identify(Rasp/Code) by extension 'ignore'
[0.341s] Level 1:colcon.colcon_core.package_identification:_identify(Rasp/Code) by extension 'ignore_ament_install'
[0.341s] Level 1:colcon.colcon_core.package_identification:_identify(Rasp/Code) by extensions ['colcon_pkg']
[0.341s] Level 1:colcon.colcon_core.package_identification:_identify(Rasp/Code) by extension 'colcon_pkg'
[0.341s] Level 1:colcon.colcon_core.package_identification:_identify(Rasp/Code) by extensions ['colcon_meta']
[0.341s] Level 1:colcon.colcon_core.package_identification:_identify(Rasp/Code) by extension 'colcon_meta'
[0.341s] Level 1:colcon.colcon_core.package_identification:_identify(Rasp/Code) by extensions ['ros']
[0.341s] Level 1:colcon.colcon_core.package_identification:_identify(Rasp/Code) by extension 'ros'
[0.341s] Level 1:colcon.colcon_core.package_identification:_identify(Rasp/Code) by extensions ['cmake', 'python']
[0.341s] Level 1:colcon.colcon_core.package_identification:_identify(Rasp/Code) by extension 'cmake'
[0.341s] Level 1:colcon.colcon_core.package_identification:_identify(Rasp/Code) by extension 'python'
[0.341s] Level 1:colcon.colcon_core.package_identification:_identify(Rasp/Code) by extensions ['python_setup_py']
[0.341s] Level 1:colcon.colcon_core.package_identification:_identify(Rasp/Code) by extension 'python_setup_py'
[0.341s] Level 1:colcon.colcon_core.package_identification:_identify(Rasp/Code/Example_Code_4_motor_control_w_pi) by extensions ['ignore', 'ignore_ament_install']
[0.341s] Level 1:colcon.colcon_core.package_identification:_identify(Rasp/Code/Example_Code_4_motor_control_w_pi) by extension 'ignore'
[0.341s] Level 1:colcon.colcon_core.package_identification:_identify(Rasp/Code/Example_Code_4_motor_control_w_pi) by extension 'ignore_ament_install'
[0.341s] Level 1:colcon.colcon_core.package_identification:_identify(Rasp/Code/Example_Code_4_motor_control_w_pi) by extensions ['colcon_pkg']
[0.341s] Level 1:colcon.colcon_core.package_identification:_identify(Rasp/Code/Example_Code_4_motor_control_w_pi) by extension 'colcon_pkg'
[0.341s] Level 1:colcon.colcon_core.package_identification:_identify(Rasp/Code/Example_Code_4_motor_control_w_pi) by extensions ['colcon_meta']
[0.341s] Level 1:colcon.colcon_core.package_identification:_identify(Rasp/Code/Example_Code_4_motor_control_w_pi) by extension 'colcon_meta'
[0.341s] Level 1:colcon.colcon_core.package_identification:_identify(Rasp/Code/Example_Code_4_motor_control_w_pi) by extensions ['ros']
[0.341s] Level 1:colcon.colcon_core.package_identification:_identify(Rasp/Code/Example_Code_4_motor_control_w_pi) by extension 'ros'
[0.341s] Level 1:colcon.colcon_core.package_identification:_identify(Rasp/Code/Example_Code_4_motor_control_w_pi) by extensions ['cmake', 'python']
[0.341s] Level 1:colcon.colcon_core.package_identification:_identify(Rasp/Code/Example_Code_4_motor_control_w_pi) by extension 'cmake'
[0.341s] Level 1:colcon.colcon_core.package_identification:_identify(Rasp/Code/Example_Code_4_motor_control_w_pi) by extension 'python'
[0.341s] Level 1:colcon.colcon_core.package_identification:_identify(Rasp/Code/Example_Code_4_motor_control_w_pi) by extensions ['python_setup_py']
[0.341s] Level 1:colcon.colcon_core.package_identification:_identify(Rasp/Code/Example_Code_4_motor_control_w_pi) by extension 'python_setup_py'
[0.341s] Level 1:colcon.colcon_core.package_identification:_identify(Rasp/Images) by extensions ['ignore', 'ignore_ament_install']
[0.341s] Level 1:colcon.colcon_core.package_identification:_identify(Rasp/Images) by extension 'ignore'
[0.341s] Level 1:colcon.colcon_core.package_identification:_identify(Rasp/Images) by extension 'ignore_ament_install'
[0.341s] Level 1:colcon.colcon_core.package_identification:_identify(Rasp/Images) by extensions ['colcon_pkg']
[0.341s] Level 1:colcon.colcon_core.package_identification:_identify(Rasp/Images) by extension 'colcon_pkg'
[0.341s] Level 1:colcon.colcon_core.package_identification:_identify(Rasp/Images) by extensions ['colcon_meta']
[0.341s] Level 1:colcon.colcon_core.package_identification:_identify(Rasp/Images) by extension 'colcon_meta'
[0.341s] Level 1:colcon.colcon_core.package_identification:_identify(Rasp/Images) by extensions ['ros']
[0.341s] Level 1:colcon.colcon_core.package_identification:_identify(Rasp/Images) by extension 'ros'
[0.341s] Level 1:colcon.colcon_core.package_identification:_identify(Rasp/Images) by extensions ['cmake', 'python']
[0.341s] Level 1:colcon.colcon_core.package_identification:_identify(Rasp/Images) by extension 'cmake'
[0.341s] Level 1:colcon.colcon_core.package_identification:_identify(Rasp/Images) by extension 'python'
[0.341s] Level 1:colcon.colcon_core.package_identification:_identify(Rasp/Images) by extensions ['python_setup_py']
[0.341s] Level 1:colcon.colcon_core.package_identification:_identify(Rasp/Images) by extension 'python_setup_py'
[0.341s] Level 1:colcon.colcon_core.package_identification:_identify(Rasp/Images/IMG_Rasp_cir) by extensions ['ignore', 'ignore_ament_install']
[0.341s] Level 1:colcon.colcon_core.package_identification:_identify(Rasp/Images/IMG_Rasp_cir) by extension 'ignore'
[0.341s] Level 1:colcon.colcon_core.package_identification:_identify(Rasp/Images/IMG_Rasp_cir) by extension 'ignore_ament_install'
[0.341s] Level 1:colcon.colcon_core.package_identification:_identify(Rasp/Images/IMG_Rasp_cir) by extensions ['colcon_pkg']
[0.341s] Level 1:colcon.colcon_core.package_identification:_identify(Rasp/Images/IMG_Rasp_cir) by extension 'colcon_pkg'
[0.341s] Level 1:colcon.colcon_core.package_identification:_identify(Rasp/Images/IMG_Rasp_cir) by extensions ['colcon_meta']
[0.341s] Level 1:colcon.colcon_core.package_identification:_identify(Rasp/Images/IMG_Rasp_cir) by extension 'colcon_meta'
[0.341s] Level 1:colcon.colcon_core.package_identification:_identify(Rasp/Images/IMG_Rasp_cir) by extensions ['ros']
[0.342s] Level 1:colcon.colcon_core.package_identification:_identify(Rasp/Images/IMG_Rasp_cir) by extension 'ros'
[0.342s] Level 1:colcon.colcon_core.package_identification:_identify(Rasp/Images/IMG_Rasp_cir) by extensions ['cmake', 'python']
[0.342s] Level 1:colcon.colcon_core.package_identification:_identify(Rasp/Images/IMG_Rasp_cir) by extension 'cmake'
[0.342s] Level 1:colcon.colcon_core.package_identification:_identify(Rasp/Images/IMG_Rasp_cir) by extension 'python'
[0.342s] Level 1:colcon.colcon_core.package_identification:_identify(Rasp/Images/IMG_Rasp_cir) by extensions ['python_setup_py']
[0.342s] Level 1:colcon.colcon_core.package_identification:_identify(Rasp/Images/IMG_Rasp_cir) by extension 'python_setup_py'
[0.342s] Level 1:colcon.colcon_core.package_identification:_identify(build) by extensions ['ignore', 'ignore_ament_install']
[0.342s] Level 1:colcon.colcon_core.package_identification:_identify(build) by extension 'ignore'
[0.342s] Level 1:colcon.colcon_core.package_identification:_identify(build) ignored
[0.342s] Level 1:colcon.colcon_core.package_identification:_identify(install) by extensions ['ignore', 'ignore_ament_install']
[0.342s] Level 1:colcon.colcon_core.package_identification:_identify(install) by extension 'ignore'
[0.342s] Level 1:colcon.colcon_core.package_identification:_identify(install) ignored
[0.342s] Level 1:colcon.colcon_core.package_identification:_identify(log) by extensions ['ignore', 'ignore_ament_install']
[0.342s] Level 1:colcon.colcon_core.package_identification:_identify(log) by extension 'ignore'
[0.342s] Level 1:colcon.colcon_core.package_identification:_identify(log) ignored
[0.342s] Level 1:colcon.colcon_core.package_identification:_identify(ros) by extensions ['ignore', 'ignore_ament_install']
[0.342s] Level 1:colcon.colcon_core.package_identification:_identify(ros) by extension 'ignore'
[0.342s] Level 1:colcon.colcon_core.package_identification:_identify(ros) by extension 'ignore_ament_install'
[0.342s] Level 1:colcon.colcon_core.package_identification:_identify(ros) by extensions ['colcon_pkg']
[0.342s] Level 1:colcon.colcon_core.package_identification:_identify(ros) by extension 'colcon_pkg'
[0.342s] Level 1:colcon.colcon_core.package_identification:_identify(ros) by extensions ['colcon_meta']
[0.342s] Level 1:colcon.colcon_core.package_identification:_identify(ros) by extension 'colcon_meta'
[0.342s] Level 1:colcon.colcon_core.package_identification:_identify(ros) by extensions ['ros']
[0.342s] Level 1:colcon.colcon_core.package_identification:_identify(ros) by extension 'ros'
[0.342s] Level 1:colcon.colcon_core.package_identification:_identify(ros) by extensions ['cmake', 'python']
[0.342s] Level 1:colcon.colcon_core.package_identification:_identify(ros) by extension 'cmake'
[0.342s] Level 1:colcon.colcon_core.package_identification:_identify(ros) by extension 'python'
[0.342s] Level 1:colcon.colcon_core.package_identification:_identify(ros) by extensions ['python_setup_py']
[0.342s] Level 1:colcon.colcon_core.package_identification:_identify(ros) by extension 'python_setup_py'
[0.342s] Level 1:colcon.colcon_core.package_identification:_identify(ros/build) by extensions ['ignore', 'ignore_ament_install']
[0.342s] Level 1:colcon.colcon_core.package_identification:_identify(ros/build) by extension 'ignore'
[0.342s] Level 1:colcon.colcon_core.package_identification:_identify(ros/build) ignored
[0.342s] Level 1:colcon.colcon_core.package_identification:_identify(ros/install) by extensions ['ignore', 'ignore_ament_install']
[0.342s] Level 1:colcon.colcon_core.package_identification:_identify(ros/install) by extension 'ignore'
[0.342s] Level 1:colcon.colcon_core.package_identification:_identify(ros/install) ignored
[0.342s] Level 1:colcon.colcon_core.package_identification:_identify(ros/log) by extensions ['ignore', 'ignore_ament_install']
[0.342s] Level 1:colcon.colcon_core.package_identification:_identify(ros/log) by extension 'ignore'
[0.342s] Level 1:colcon.colcon_core.package_identification:_identify(ros/log) ignored
[0.342s] Level 1:colcon.colcon_core.package_identification:_identify(ros/src) by extensions ['ignore', 'ignore_ament_install']
[0.342s] Level 1:colcon.colcon_core.package_identification:_identify(ros/src) by extension 'ignore'
[0.342s] Level 1:colcon.colcon_core.package_identification:_identify(ros/src) by extension 'ignore_ament_install'
[0.342s] Level 1:colcon.colcon_core.package_identification:_identify(ros/src) by extensions ['colcon_pkg']
[0.342s] Level 1:colcon.colcon_core.package_identification:_identify(ros/src) by extension 'colcon_pkg'
[0.342s] Level 1:colcon.colcon_core.package_identification:_identify(ros/src) by extensions ['colcon_meta']
[0.342s] Level 1:colcon.colcon_core.package_identification:_identify(ros/src) by extension 'colcon_meta'
[0.342s] Level 1:colcon.colcon_core.package_identification:_identify(ros/src) by extensions ['ros']
[0.342s] Level 1:colcon.colcon_core.package_identification:_identify(ros/src) by extension 'ros'
[0.342s] Level 1:colcon.colcon_core.package_identification:_identify(ros/src) by extensions ['cmake', 'python']
[0.342s] Level 1:colcon.colcon_core.package_identification:_identify(ros/src) by extension 'cmake'
[0.342s] Level 1:colcon.colcon_core.package_identification:_identify(ros/src) by extension 'python'
[0.343s] Level 1:colcon.colcon_core.package_identification:_identify(ros/src) by extensions ['python_setup_py']
[0.343s] Level 1:colcon.colcon_core.package_identification:_identify(ros/src) by extension 'python_setup_py'
[0.343s] Level 1:colcon.colcon_core.package_identification:_identify(ros/src/build) by extensions ['ignore', 'ignore_ament_install']
[0.343s] Level 1:colcon.colcon_core.package_identification:_identify(ros/src/build) by extension 'ignore'
[0.343s] Level 1:colcon.colcon_core.package_identification:_identify(ros/src/build) ignored
[0.343s] Level 1:colcon.colcon_core.package_identification:_identify(ros/src/example_2) by extensions ['ignore', 'ignore_ament_install']
[0.343s] Level 1:colcon.colcon_core.package_identification:_identify(ros/src/example_2) by extension 'ignore'
[0.343s] Level 1:colcon.colcon_core.package_identification:_identify(ros/src/example_2) by extension 'ignore_ament_install'
[0.343s] Level 1:colcon.colcon_core.package_identification:_identify(ros/src/example_2) by extensions ['colcon_pkg']
[0.343s] Level 1:colcon.colcon_core.package_identification:_identify(ros/src/example_2) by extension 'colcon_pkg'
[0.343s] Level 1:colcon.colcon_core.package_identification:_identify(ros/src/example_2) by extensions ['colcon_meta']
[0.343s] Level 1:colcon.colcon_core.package_identification:_identify(ros/src/example_2) by extension 'colcon_meta'
[0.343s] Level 1:colcon.colcon_core.package_identification:_identify(ros/src/example_2) by extensions ['ros']
[0.343s] Level 1:colcon.colcon_core.package_identification:_identify(ros/src/example_2) by extension 'ros'
[0.344s] DEBUG:colcon.colcon_core.package_identification:Package 'ros/src/example_2' with type 'ros.ament_cmake' and name 'ros2_control_demo_example_2'
[0.344s] Level 1:colcon.colcon_core.package_identification:_identify(ros/src/install) by extensions ['ignore', 'ignore_ament_install']
[0.344s] Level 1:colcon.colcon_core.package_identification:_identify(ros/src/install) by extension 'ignore'
[0.344s] Level 1:colcon.colcon_core.package_identification:_identify(ros/src/install) ignored
[0.344s] Level 1:colcon.colcon_core.package_identification:_identify(ros/src/log) by extensions ['ignore', 'ignore_ament_install']
[0.344s] Level 1:colcon.colcon_core.package_identification:_identify(ros/src/log) by extension 'ignore'
[0.344s] Level 1:colcon.colcon_core.package_identification:_identify(ros/src/log) ignored
[0.344s] Level 1:colcon.colcon_core.package_identification:_identify(ros/src/ros2_control_demo_description) by extensions ['ignore', 'ignore_ament_install']
[0.344s] Level 1:colcon.colcon_core.package_identification:_identify(ros/src/ros2_control_demo_description) by extension 'ignore'
[0.344s] Level 1:colcon.colcon_core.package_identification:_identify(ros/src/ros2_control_demo_description) by extension 'ignore_ament_install'
[0.344s] Level 1:colcon.colcon_core.package_identification:_identify(ros/src/ros2_control_demo_description) by extensions ['colcon_pkg']
[0.344s] Level 1:colcon.colcon_core.package_identification:_identify(ros/src/ros2_control_demo_description) by extension 'colcon_pkg'
[0.344s] Level 1:colcon.colcon_core.package_identification:_identify(ros/src/ros2_control_demo_description) by extensions ['colcon_meta']
[0.344s] Level 1:colcon.colcon_core.package_identification:_identify(ros/src/ros2_control_demo_description) by extension 'colcon_meta'
[0.344s] Level 1:colcon.colcon_core.package_identification:_identify(ros/src/ros2_control_demo_description) by extensions ['ros']
[0.344s] Level 1:colcon.colcon_core.package_identification:_identify(ros/src/ros2_control_demo_description) by extension 'ros'
[0.345s] DEBUG:colcon.colcon_core.package_identification:Package 'ros/src/ros2_control_demo_description' with type 'ros.ament_cmake' and name 'ros2_control_demo_description'
[0.345s] Level 1:colcon.colcon_core.package_identification:_identify(ros/src/swarm_bot) by extensions ['ignore', 'ignore_ament_install']
[0.345s] Level 1:colcon.colcon_core.package_identification:_identify(ros/src/swarm_bot) by extension 'ignore'
[0.345s] Level 1:colcon.colcon_core.package_identification:_identify(ros/src/swarm_bot) by extension 'ignore_ament_install'
[0.345s] Level 1:colcon.colcon_core.package_identification:_identify(ros/src/swarm_bot) by extensions ['colcon_pkg']
[0.345s] Level 1:colcon.colcon_core.package_identification:_identify(ros/src/swarm_bot) by extension 'colcon_pkg'
[0.345s] Level 1:colcon.colcon_core.package_identification:_identify(ros/src/swarm_bot) by extensions ['colcon_meta']
[0.345s] Level 1:colcon.colcon_core.package_identification:_identify(ros/src/swarm_bot) by extension 'colcon_meta'
[0.345s] Level 1:colcon.colcon_core.package_identification:_identify(ros/src/swarm_bot) by extensions ['ros']
[0.345s] Level 1:colcon.colcon_core.package_identification:_identify(ros/src/swarm_bot) by extension 'ros'
[0.345s] DEBUG:colcon.colcon_core.package_identification:Package 'ros/src/swarm_bot' with type 'ros.ament_cmake' and name 'swarm_bot'
[0.345s] Level 1:colcon.colcon_core.package_identification:_identify(ros/src/vslam) by extensions ['ignore', 'ignore_ament_install']
[0.345s] Level 1:colcon.colcon_core.package_identification:_identify(ros/src/vslam) by extension 'ignore'
[0.345s] Level 1:colcon.colcon_core.package_identification:_identify(ros/src/vslam) by extension 'ignore_ament_install'
[0.345s] Level 1:colcon.colcon_core.package_identification:_identify(ros/src/vslam) by extensions ['colcon_pkg']
[0.345s] Level 1:colcon.colcon_core.package_identification:_identify(ros/src/vslam) by extension 'colcon_pkg'
[0.345s] Level 1:colcon.colcon_core.package_identification:_identify(ros/src/vslam) by extensions ['colcon_meta']
[0.345s] Level 1:colcon.colcon_core.package_identification:_identify(ros/src/vslam) by extension 'colcon_meta'
[0.345s] Level 1:colcon.colcon_core.package_identification:_identify(ros/src/vslam) by extensions ['ros']
[0.345s] Level 1:colcon.colcon_core.package_identification:_identify(ros/src/vslam) by extension 'ros'
[0.345s] DEBUG:colcon.colcon_core.package_identification:Package 'ros/src/vslam' with type 'ros.ament_cmake' and name 'vslam'
[0.345s] Level 1:colcon.colcon_core.package_discovery:discover_packages(recursive) using defaults
[0.345s] Level 1:colcon.colcon_core.package_discovery:discover_packages(ignore) discover
[0.345s] Level 1:colcon.colcon_core.package_discovery:discover_packages(ignore) using defaults
[0.345s] Level 1:colcon.colcon_core.package_discovery:discover_packages(path) discover
[0.345s] Level 1:colcon.colcon_core.package_discovery:discover_packages(path) using defaults
[0.368s] INFO:colcon.colcon_core.package_selection:Skipping not selected package 'ros2_control_demo_description' in 'ros/src/ros2_control_demo_description'
[0.368s] INFO:colcon.colcon_core.package_selection:Skipping not selected package 'swarm_bot' in 'ros/src/swarm_bot'
[0.368s] INFO:colcon.colcon_core.package_selection:Skipping not selected package 'vslam' in 'ros/src/vslam'
[0.376s] Level 1:colcon.colcon_core.package_discovery:discover_packages(prefix_path) check parameters
[0.376s] Level 1:colcon.colcon_core.package_discovery:discover_packages(prefix_path) discover
[0.386s] DEBUG:colcon.colcon_installed_package_information.package_discovery:Found 325 installed packages in /opt/ros/humble
[0.387s] Level 1:colcon.colcon_core.package_discovery:discover_packages(prefix_path) using defaults
[0.426s] Level 5:colcon.colcon_core.verb:set package 'ros2_control_demo_example_2' build argument 'cmake_args' from command line to 'None'
[0.426s] Level 5:colcon.colcon_core.verb:set package 'ros2_control_demo_example_2' build argument 'cmake_target' from command line to 'None'
[0.426s] Level 5:colcon.colcon_core.verb:set package 'ros2_control_demo_example_2' build argument 'cmake_target_skip_unavailable' from command line to 'False'
[0.426s] Level 5:colcon.colcon_core.verb:set package 'ros2_control_demo_example_2' build argument 'cmake_clean_cache' from command line to 'False'
[0.426s] Level 5:colcon.colcon_core.verb:set package 'ros2_control_demo_example_2' build argument 'cmake_clean_first' from command line to 'False'
[0.426s] Level 5:colcon.colcon_core.verb:set package 'ros2_control_demo_example_2' build argument 'cmake_force_configure' from command line to 'False'
[0.426s] Level 5:colcon.colcon_core.verb:set package 'ros2_control_demo_example_2' build argument 'ament_cmake_args' from command line to 'None'
[0.426s] Level 5:colcon.colcon_core.verb:set package 'ros2_control_demo_example_2' build argument 'catkin_cmake_args' from command line to 'None'
[0.426s] Level 5:colcon.colcon_core.verb:set package 'ros2_control_demo_example_2' build argument 'catkin_skip_building_tests' from command line to 'False'
[0.426s] DEBUG:colcon.colcon_core.verb:Building package 'ros2_control_demo_example_2' with the following arguments: {'ament_cmake_args': None, 'build_base': '/home/ubuntu/Documents/swarm/build/ros2_control_demo_example_2', 'catkin_cmake_args': None, 'catkin_skip_building_tests': False, 'cmake_args': None, 'cmake_clean_cache': False, 'cmake_clean_first': False, 'cmake_force_configure': False, 'cmake_target': None, 'cmake_target_skip_unavailable': False, 'install_base': '/home/ubuntu/Documents/swarm/install/ros2_control_demo_example_2', 'merge_install': False, 'path': '/home/ubuntu/Documents/swarm/ros/src/example_2', 'symlink_install': False, 'test_result_base': None}
[0.430s] INFO:colcon.colcon_core.executor:Executing jobs using 'parallel' executor
[0.435s] DEBUG:colcon.colcon_parallel_executor.executor.parallel:run_until_complete
[0.435s] INFO:colcon.colcon_ros.task.ament_cmake.build:Building ROS package in '/home/ubuntu/Documents/swarm/ros/src/example_2' with build type 'ament_cmake'
[0.435s] INFO:colcon.colcon_cmake.task.cmake.build:Building CMake package in '/home/ubuntu/Documents/swarm/ros/src/example_2'
[0.442s] INFO:colcon.colcon_core.plugin_system:Skipping extension 'colcon_core.shell.bat': Not used on non-Windows systems
[0.442s] INFO:colcon.colcon_core.shell:Skip shell extension 'powershell' for command environment: Not usable outside of PowerShell
[0.442s] DEBUG:colcon.colcon_core.shell:Skip shell extension 'dsv' for command environment
[0.457s] DEBUG:colcon.colcon_core.event_handler.log_command:Invoking command in '/home/ubuntu/Documents/swarm/build/ros2_control_demo_example_2': AMENT_PREFIX_PATH=/home/ubuntu/Documents/swarm/install/ros2_control_demo_description:${AMENT_PREFIX_PATH} CMAKE_PREFIX_PATH=/home/ubuntu/Documents/swarm/install/ros2_control_demo_description:/opt/ros/humble /usr/bin/cmake --build /home/ubuntu/Documents/swarm/build/ros2_control_demo_example_2 -- -j8 -l8
[1.644s] DEBUG:colcon.colcon_core.event_handler.log_command:Invoked command in '/home/ubuntu/Documents/swarm/build/ros2_control_demo_example_2' returned '2': AMENT_PREFIX_PATH=/home/ubuntu/Documents/swarm/install/ros2_control_demo_description:${AMENT_PREFIX_PATH} CMAKE_PREFIX_PATH=/home/ubuntu/Documents/swarm/install/ros2_control_demo_description:/opt/ros/humble /usr/bin/cmake --build /home/ubuntu/Documents/swarm/build/ros2_control_demo_example_2 -- -j8 -l8
[1.664s] Level 1:colcon.colcon_core.environment:create_environment_scripts_only(ros2_control_demo_example_2)
[1.671s] Level 1:colcon.colcon_core.environment:checking '/home/ubuntu/Documents/swarm/install/ros2_control_demo_example_2' for CMake module files
[1.672s] Level 1:colcon.colcon_core.environment:checking '/home/ubuntu/Documents/swarm/install/ros2_control_demo_example_2' for CMake config files
[1.672s] Level 1:colcon.colcon_core.environment:checking '/home/ubuntu/Documents/swarm/install/ros2_control_demo_example_2/bin'
[1.672s] Level 1:colcon.colcon_core.environment:checking '/home/ubuntu/Documents/swarm/install/ros2_control_demo_example_2/lib/pkgconfig/ros2_control_demo_example_2.pc'
[1.672s] Level 1:colcon.colcon_core.environment:checking '/home/ubuntu/Documents/swarm/install/ros2_control_demo_example_2/lib/python3.10/site-packages'
[1.672s] Level 1:colcon.colcon_core.environment:checking '/home/ubuntu/Documents/swarm/install/ros2_control_demo_example_2/bin'
[1.677s] INFO:colcon.colcon_core.shell:Creating package script '/home/ubuntu/Documents/swarm/install/ros2_control_demo_example_2/share/ros2_control_demo_example_2/package.ps1'
[1.677s] INFO:colcon.colcon_core.shell:Creating package descriptor '/home/ubuntu/Documents/swarm/install/ros2_control_demo_example_2/share/ros2_control_demo_example_2/package.dsv'
[1.677s] INFO:colcon.colcon_core.shell:Creating package script '/home/ubuntu/Documents/swarm/install/ros2_control_demo_example_2/share/ros2_control_demo_example_2/package.sh'
[1.677s] INFO:colcon.colcon_core.shell:Creating package script '/home/ubuntu/Documents/swarm/install/ros2_control_demo_example_2/share/ros2_control_demo_example_2/package.bash'
[1.678s] INFO:colcon.colcon_core.shell:Creating package script '/home/ubuntu/Documents/swarm/install/ros2_control_demo_example_2/share/ros2_control_demo_example_2/package.zsh'
[1.678s] Level 1:colcon.colcon_core.environment:create_file_with_runtime_dependencies(/home/ubuntu/Documents/swarm/install/ros2_control_demo_example_2/share/colcon-core/packages/ros2_control_demo_example_2)
[1.688s] DEBUG:colcon.colcon_parallel_executor.executor.parallel:closing loop
[1.688s] DEBUG:colcon.colcon_parallel_executor.executor.parallel:loop closed
[1.688s] DEBUG:colcon.colcon_parallel_executor.executor.parallel:run_until_complete finished with '2'
[1.688s] DEBUG:colcon.colcon_core.event_reactor:joining thread
[1.701s] INFO:colcon.colcon_core.plugin_system:Skipping extension 'colcon_notification.desktop_notification.terminal_notifier': Not used on non-Darwin systems
[1.701s] INFO:colcon.colcon_core.plugin_system:Skipping extension 'colcon_notification.desktop_notification.win32': Not used on non-Windows systems
[1.701s] INFO:colcon.colcon_notification.desktop_notification:Sending desktop notification using 'notify2'
[1.713s] DEBUG:colcon.colcon_core.event_reactor:joined thread
[1.721s] INFO:colcon.colcon_core.shell:Creating prefix script '/home/ubuntu/Documents/swarm/install/local_setup.ps1'
[1.722s] INFO:colcon.colcon_core.shell:Creating prefix util module '/home/ubuntu/Documents/swarm/install/_local_setup_util_ps1.py'
[1.723s] INFO:colcon.colcon_core.shell:Creating prefix chain script '/home/ubuntu/Documents/swarm/install/setup.ps1'
[1.729s] INFO:colcon.colcon_core.shell:Creating prefix script '/home/ubuntu/Documents/swarm/install/local_setup.sh'
[1.729s] INFO:colcon.colcon_core.shell:Creating prefix util module '/home/ubuntu/Documents/swarm/install/_local_setup_util_sh.py'
[1.730s] INFO:colcon.colcon_core.shell:Creating prefix chain script '/home/ubuntu/Documents/swarm/install/setup.sh'
[1.740s] INFO:colcon.colcon_core.shell:Creating prefix script '/home/ubuntu/Documents/swarm/install/local_setup.bash'
[1.740s] INFO:colcon.colcon_core.shell:Creating prefix chain script '/home/ubuntu/Documents/swarm/install/setup.bash'
[1.745s] INFO:colcon.colcon_core.shell:Creating prefix script '/home/ubuntu/Documents/swarm/install/local_setup.zsh'
[1.745s] INFO:colcon.colcon_core.shell:Creating prefix chain script '/home/ubuntu/Documents/swarm/install/setup.zsh'
