[0.053s] Invoking command in '/home/ubuntu/Documents/swarm/build/ros2_control_demo_description': CMAKE_PREFIX_PATH=/opt/ros/humble /usr/bin/cmake /home/ubuntu/Documents/swarm/ros/src/ros2_control_demo_description -DCMAKE_INSTALL_PREFIX=/home/ubuntu/Documents/swarm/install/ros2_control_demo_description
[0.112s] -- The C compiler identification is GNU 11.4.0
[0.174s] -- The CXX compiler identification is GNU 11.4.0
[0.180s] -- Detecting C compiler ABI info
[0.219s] -- Detecting C compiler ABI info - done
[0.223s] -- Check for working C compiler: /usr/bin/cc - skipped
[0.224s] -- Detecting C compile features
[0.224s] -- Detecting C compile features - done
[0.227s] -- Detecting CXX compiler ABI info
[0.273s] -- Detecting CXX compiler ABI info - done
[0.278s] -- Check for working CXX compiler: /usr/bin/c++ - skipped
[0.278s] -- Detecting CXX compile features
[0.278s] -- Detecting CXX compile features - done
[0.279s] -- Found ament_cmake: 1.3.6 (/opt/ros/humble/share/ament_cmake/cmake)
[0.426s] -- Found Python3: /usr/bin/python3.10 (found version "3.10.12") found components: Interpreter 
[0.494s] -- Configuring done
[0.495s] -- Generating done
[0.495s] -- Build files have been written to: /home/ubuntu/Documents/swarm/build/ros2_control_demo_description
[0.497s] Invoked command in '/home/ubuntu/Documents/swarm/build/ros2_control_demo_description' returned '0': CMAKE_PREFIX_PATH=/opt/ros/humble /usr/bin/cmake /home/ubuntu/Documents/swarm/ros/src/ros2_control_demo_description -DCMAKE_INSTALL_PREFIX=/home/ubuntu/Documents/swarm/install/ros2_control_demo_description
[0.498s] Invoking command in '/home/ubuntu/Documents/swarm/build/ros2_control_demo_description': CMAKE_PREFIX_PATH=/opt/ros/humble /usr/bin/cmake --build /home/ubuntu/Documents/swarm/build/ros2_control_demo_description -- -j8 -l8
[0.524s] Invoked command in '/home/ubuntu/Documents/swarm/build/ros2_control_demo_description' returned '0': CMAKE_PREFIX_PATH=/opt/ros/humble /usr/bin/cmake --build /home/ubuntu/Documents/swarm/build/ros2_control_demo_description -- -j8 -l8
[0.543s] Invoking command in '/home/ubuntu/Documents/swarm/build/ros2_control_demo_description': CMAKE_PREFIX_PATH=/opt/ros/humble /usr/bin/cmake --install /home/ubuntu/Documents/swarm/build/ros2_control_demo_description
[0.546s] -- Install configuration: ""
[0.546s] -- Installing: /home/ubuntu/Documents/swarm/install/ros2_control_demo_description/share/ros2_control_demo_description/rrbot/urdf
[0.546s] -- Installing: /home/ubuntu/Documents/swarm/install/ros2_control_demo_description/share/ros2_control_demo_description/rrbot/urdf/rrbot.materials.xacro
[0.546s] -- Installing: /home/ubuntu/Documents/swarm/install/ros2_control_demo_description/share/ros2_control_demo_description/rrbot/urdf/rrbot_description.urdf.xacro
[0.546s] -- Installing: /home/ubuntu/Documents/swarm/install/ros2_control_demo_description/share/ros2_control_demo_description/rrbot/rviz
[0.546s] -- Installing: /home/ubuntu/Documents/swarm/install/ros2_control_demo_description/share/ros2_control_demo_description/rrbot/rviz/rrbot.rviz
[0.546s] -- Installing: /home/ubuntu/Documents/swarm/install/ros2_control_demo_description/share/ros2_control_demo_description/diffbot/urdf
[0.546s] -- Installing: /home/ubuntu/Documents/swarm/install/ros2_control_demo_description/share/ros2_control_demo_description/diffbot/urdf/diffbot_description.urdf.xacro
[0.546s] -- Installing: /home/ubuntu/Documents/swarm/install/ros2_control_demo_description/share/ros2_control_demo_description/diffbot/urdf/diffbot.materials.xacro
[0.547s] -- Installing: /home/ubuntu/Documents/swarm/install/ros2_control_demo_description/share/ros2_control_demo_description/diffbot/rviz
[0.547s] -- Installing: /home/ubuntu/Documents/swarm/install/ros2_control_demo_description/share/ros2_control_demo_description/diffbot/rviz/diffbot.rviz
[0.547s] -- Installing: /home/ubuntu/Documents/swarm/install/ros2_control_demo_description/share/ros2_control_demo_description/diffbot/rviz/diffbot_view.rviz
[0.547s] -- Installing: /home/ubuntu/Documents/swarm/install/ros2_control_demo_description/share/ros2_control_demo_description/r6bot/meshes
[0.547s] -- Installing: /home/ubuntu/Documents/swarm/install/ros2_control_demo_description/share/ros2_control_demo_description/r6bot/meshes/collision
[0.547s] -- Installing: /home/ubuntu/Documents/swarm/install/ros2_control_demo_description/share/ros2_control_demo_description/r6bot/meshes/collision/link_2.stl
[0.548s] -- Installing: /home/ubuntu/Documents/swarm/install/ros2_control_demo_description/share/ros2_control_demo_description/r6bot/meshes/collision/link_0.stl
[0.548s] -- Installing: /home/ubuntu/Documents/swarm/install/ros2_control_demo_description/share/ros2_control_demo_description/r6bot/meshes/collision/link_6.stl
[0.549s] -- Installing: /home/ubuntu/Documents/swarm/install/ros2_control_demo_description/share/ros2_control_demo_description/r6bot/meshes/collision/link_1.stl
[0.549s] -- Installing: /home/ubuntu/Documents/swarm/install/ros2_control_demo_description/share/ros2_control_demo_description/r6bot/meshes/collision/link_4.stl
[0.549s] -- Installing: /home/ubuntu/Documents/swarm/install/ros2_control_demo_description/share/ros2_control_demo_description/r6bot/meshes/collision/link_3.stl
[0.550s] -- Installing: /home/ubuntu/Documents/swarm/install/ros2_control_demo_description/share/ros2_control_demo_description/r6bot/meshes/collision/link_5.stl
[0.550s] -- Installing: /home/ubuntu/Documents/swarm/install/ros2_control_demo_description/share/ros2_control_demo_description/r6bot/meshes/visual
[0.550s] -- Installing: /home/ubuntu/Documents/swarm/install/ros2_control_demo_description/share/ros2_control_demo_description/r6bot/meshes/visual/link_1.dae
[0.551s] -- Installing: /home/ubuntu/Documents/swarm/install/ros2_control_demo_description/share/ros2_control_demo_description/r6bot/meshes/visual/link_4.dae
[0.551s] -- Installing: /home/ubuntu/Documents/swarm/install/ros2_control_demo_description/share/ros2_control_demo_description/r6bot/meshes/visual/link_3.dae
[0.552s] -- Installing: /home/ubuntu/Documents/swarm/install/ros2_control_demo_description/share/ros2_control_demo_description/r6bot/meshes/visual/link_5.dae
[0.552s] -- Installing: /home/ubuntu/Documents/swarm/install/ros2_control_demo_description/share/ros2_control_demo_description/r6bot/meshes/visual/link_0.dae
[0.553s] -- Installing: /home/ubuntu/Documents/swarm/install/ros2_control_demo_description/share/ros2_control_demo_description/r6bot/meshes/visual/link_2.dae
[0.555s] -- Installing: /home/ubuntu/Documents/swarm/install/ros2_control_demo_description/share/ros2_control_demo_description/r6bot/meshes/visual/link_6.dae
[0.555s] -- Installing: /home/ubuntu/Documents/swarm/install/ros2_control_demo_description/share/ros2_control_demo_description/r6bot/srdf
[0.555s] -- Installing: /home/ubuntu/Documents/swarm/install/ros2_control_demo_description/share/ros2_control_demo_description/r6bot/srdf/r6bot.srdf
[0.555s] -- Installing: /home/ubuntu/Documents/swarm/install/ros2_control_demo_description/share/ros2_control_demo_description/r6bot/urdf
[0.555s] -- Installing: /home/ubuntu/Documents/swarm/install/ros2_control_demo_description/share/ros2_control_demo_description/r6bot/urdf/r6bot_description.urdf.xacro
[0.555s] -- Installing: /home/ubuntu/Documents/swarm/install/ros2_control_demo_description/share/ros2_control_demo_description/r6bot/urdf/inc
[0.555s] -- Installing: /home/ubuntu/Documents/swarm/install/ros2_control_demo_description/share/ros2_control_demo_description/r6bot/urdf/inc/create_link.xacro
[0.556s] -- Installing: /home/ubuntu/Documents/swarm/install/ros2_control_demo_description/share/ros2_control_demo_description/r6bot/rviz
[0.556s] -- Installing: /home/ubuntu/Documents/swarm/install/ros2_control_demo_description/share/ros2_control_demo_description/r6bot/rviz/view_robot.rviz
[0.556s] -- Installing: /home/ubuntu/Documents/swarm/install/ros2_control_demo_description/share/ament_index/resource_index/package_run_dependencies/ros2_control_demo_description
[0.556s] -- Installing: /home/ubuntu/Documents/swarm/install/ros2_control_demo_description/share/ament_index/resource_index/parent_prefix_path/ros2_control_demo_description
[0.556s] -- Installing: /home/ubuntu/Documents/swarm/install/ros2_control_demo_description/share/ros2_control_demo_description/environment/ament_prefix_path.sh
[0.556s] -- Installing: /home/ubuntu/Documents/swarm/install/ros2_control_demo_description/share/ros2_control_demo_description/environment/ament_prefix_path.dsv
[0.556s] -- Installing: /home/ubuntu/Documents/swarm/install/ros2_control_demo_description/share/ros2_control_demo_description/environment/path.sh
[0.556s] -- Installing: /home/ubuntu/Documents/swarm/install/ros2_control_demo_description/share/ros2_control_demo_description/environment/path.dsv
[0.556s] -- Installing: /home/ubuntu/Documents/swarm/install/ros2_control_demo_description/share/ros2_control_demo_description/local_setup.bash
[0.556s] -- Installing: /home/ubuntu/Documents/swarm/install/ros2_control_demo_description/share/ros2_control_demo_description/local_setup.sh
[0.557s] -- Installing: /home/ubuntu/Documents/swarm/install/ros2_control_demo_description/share/ros2_control_demo_description/local_setup.zsh
[0.557s] -- Installing: /home/ubuntu/Documents/swarm/install/ros2_control_demo_description/share/ros2_control_demo_description/local_setup.dsv
[0.557s] -- Installing: /home/ubuntu/Documents/swarm/install/ros2_control_demo_description/share/ros2_control_demo_description/package.dsv
[0.557s] -- Installing: /home/ubuntu/Documents/swarm/install/ros2_control_demo_description/share/ament_index/resource_index/packages/ros2_control_demo_description
[0.557s] -- Installing: /home/ubuntu/Documents/swarm/install/ros2_control_demo_description/share/ros2_control_demo_description/cmake/ros2_control_demo_descriptionConfig.cmake
[0.557s] -- Installing: /home/ubuntu/Documents/swarm/install/ros2_control_demo_description/share/ros2_control_demo_description/cmake/ros2_control_demo_descriptionConfig-version.cmake
[0.557s] -- Installing: /home/ubuntu/Documents/swarm/install/ros2_control_demo_description/share/ros2_control_demo_description/package.xml
[0.558s] Invoked command in '/home/ubuntu/Documents/swarm/build/ros2_control_demo_description' returned '0': CMAKE_PREFIX_PATH=/opt/ros/humble /usr/bin/cmake --install /home/ubuntu/Documents/swarm/build/ros2_control_demo_description
