[0.018s] Invoking command in '/home/ubuntu/Documents/swarm/build/ros2_control_demo_example_2': AMENT_PREFIX_PATH=/home/ubuntu/Documents/swarm/install/ros2_control_demo_description:${AMENT_PREFIX_PATH} CMAKE_PREFIX_PATH=/home/ubuntu/Documents/swarm/install/ros2_control_demo_description:/opt/ros/humble /usr/bin/cmake --build /home/ubuntu/Documents/swarm/build/ros2_control_demo_example_2 -- -j8 -l8
[0.051s] [35m[1mConsolidate compiler generated dependencies of target ros2_control_demo_example_2[0m
[0.071s] [ 50%] [32mBuilding CXX object CMakeFiles/ros2_control_demo_example_2.dir/hardware/diffbot_system.cpp.o[0m
[0.383s] In file included from [01m[K/home/ubuntu/Documents/swarm/ros/src/example_2/hardware/diffbot_system.cpp:15[m[K:
[0.384s] [01m[K/home/ubuntu/Documents/swarm/ros/src/example_2/hardware/include/ros2_control_demo_example_2/diffbot_system.hpp:79:3:[m[K [01;31m[Kerror: [m[K‘[01m[KPiComms[m[K’ does not name a type
[0.384s]    79 |   [01;31m[KPiComms[m[K comms_;
[0.384s]       |   [01;31m[K^~~~~~~[m[K
[0.384s] [01m[K/home/ubuntu/Documents/swarm/ros/src/example_2/hardware/include/ros2_control_demo_example_2/diffbot_system.hpp:81:3:[m[K [01;31m[Kerror: [m[K‘[01m[KWheel[m[K’ does not name a type
[0.384s]    81 |   [01;31m[KWheel[m[K wheel_l_;
[0.384s]       |   [01;31m[K^~~~~[m[K
[0.384s] [01m[K/home/ubuntu/Documents/swarm/ros/src/example_2/hardware/include/ros2_control_demo_example_2/diffbot_system.hpp:82:3:[m[K [01;31m[Kerror: [m[K‘[01m[KWheel[m[K’ does not name a type
[0.384s]    82 |   [01;31m[KWheel[m[K wheel_r_;
[0.384s]       |   [01;31m[K^~~~~[m[K
[0.965s] [01m[K/home/ubuntu/Documents/swarm/ros/src/example_2/hardware/diffbot_system.cpp:[m[K In member function ‘[01m[Kvirtual hardware_interface::CallbackReturn ros2_control_demo_example_2::DiffBotSystemHardware::on_init(const hardware_interface::HardwareInfo&)[m[K’:
[0.965s] [01m[K/home/ubuntu/Documents/swarm/ros/src/example_2/hardware/diffbot_system.cpp:43:3:[m[K [01;31m[Kerror: [m[K‘[01m[Kwheel_l_[m[K’ was not declared in this scope
[0.966s]    43 |   [01;31m[Kwheel_l_[m[K.setup(cfg_.left_wheel_name, cfg_.enc_counts_per_rev);
[0.966s]       |   [01;31m[K^~~~~~~~[m[K
[0.968s] [01m[K/home/ubuntu/Documents/swarm/ros/src/example_2/hardware/diffbot_system.cpp:44:3:[m[K [01;31m[Kerror: [m[K‘[01m[Kwheel_r_[m[K’ was not declared in this scope
[0.968s]    44 |   [01;31m[Kwheel_r_[m[K.setup(cfg_.right_wheel_name, cfg_.enc_counts_per_rev);
[0.969s]       |   [01;31m[K^~~~~~~~[m[K
[0.974s] [01m[K/home/ubuntu/Documents/swarm/ros/src/example_2/hardware/diffbot_system.cpp:[m[K In member function ‘[01m[Kvirtual std::vector<hardware_interface::StateInterface> ros2_control_demo_example_2::DiffBotSystemHardware::export_state_interfaces()[m[K’:
[0.974s] [01m[K/home/ubuntu/Documents/swarm/ros/src/example_2/hardware/diffbot_system.cpp:102:68:[m[K [01;31m[Kerror: [m[K‘[01m[Kwheel_l_[m[K’ was not declared in this scope
[0.974s]   102 |   state_interfaces.emplace_back(hardware_interface::StateInterface([01;31m[Kwheel_l_[m[K.name, hardware_interface::HW_IF_POSITION, &wheel_l_.pos));
[0.975s]       |                                                                    [01;31m[K^~~~~~~~[m[K
[0.978s] [01m[K/home/ubuntu/Documents/swarm/ros/src/example_2/hardware/diffbot_system.cpp:105:68:[m[K [01;31m[Kerror: [m[K‘[01m[Kwheel_r_[m[K’ was not declared in this scope
[0.978s]   105 |   state_interfaces.emplace_back(hardware_interface::StateInterface([01;31m[Kwheel_r_[m[K.name, hardware_interface::HW_IF_POSITION, &wheel_r_.pos));
[0.978s]       |                                                                    [01;31m[K^~~~~~~~[m[K
[0.978s] [01m[K/home/ubuntu/Documents/swarm/ros/src/example_2/hardware/diffbot_system.cpp:108:46:[m[K [01;31m[Kerror: [m[Kcould not convert ‘[01m[Krclcpp_lifecycle::node_interfaces::LifecycleNodeInterface::CallbackReturn::SUCCESS[m[K’ from ‘[01m[Krclcpp_lifecycle::node_interfaces::LifecycleNodeInterface::CallbackReturn[m[K’ to ‘[01m[Kstd::vector<hardware_interface::StateInterface>[m[K’
[0.978s]   108 |   return hardware_interface::CallbackReturn::[01;31m[KSUCCESS[m[K;
[0.978s]       |                                              [01;31m[K^~~~~~~[m[K
[0.978s]       |                                              [01;31m[K|[m[K
[0.978s]       |                                              [01;31m[Krclcpp_lifecycle::node_interfaces::LifecycleNodeInterface::CallbackReturn[m[K
[0.981s] [01m[K/home/ubuntu/Documents/swarm/ros/src/example_2/hardware/diffbot_system.cpp:[m[K In member function ‘[01m[Kvirtual hardware_interface::CallbackReturn ros2_control_demo_example_2::DiffBotSystemHardware::on_deactivate(const rclcpp_lifecycle::State&)[m[K’:
[0.981s] [01m[K/home/ubuntu/Documents/swarm/ros/src/example_2/hardware/diffbot_system.cpp:115:3:[m[K [01;31m[Kerror: [m[K‘[01m[Kcomms_[m[K’ was not declared in this scope
[0.981s]   115 |   [01;31m[Kcomms_[m[K.disconnect();
[0.981s]       |   [01;31m[K^~~~~~[m[K
[0.985s] [01m[K/home/ubuntu/Documents/swarm/ros/src/example_2/hardware/diffbot_system.cpp:[m[K In member function ‘[01m[Kvirtual hardware_interface::return_type ros2_control_demo_example_2::DiffBotSystemHardware::read(const rclcpp::Time&, const rclcpp::Duration&)[m[K’:
[0.985s] [01m[K/home/ubuntu/Documents/swarm/ros/src/example_2/hardware/diffbot_system.cpp:124:3:[m[K [01;31m[Kerror: [m[K‘[01m[Kcomms_[m[K’ was not declared in this scope
[0.985s]   124 |   [01;31m[Kcomms_[m[K.read_encoder_values(wheel_l_.enc, wheel_r_.enc);
[0.985s]       |   [01;31m[K^~~~~~[m[K
[0.988s] [01m[K/home/ubuntu/Documents/swarm/ros/src/example_2/hardware/diffbot_system.cpp:124:30:[m[K [01;31m[Kerror: [m[K‘[01m[Kwheel_l_[m[K’ was not declared in this scope
[0.988s]   124 |   comms_.read_encoder_values([01;31m[Kwheel_l_[m[K.enc, wheel_r_.enc);
[0.988s]       |                              [01;31m[K^~~~~~~~[m[K
[0.992s] [01m[K/home/ubuntu/Documents/swarm/ros/src/example_2/hardware/diffbot_system.cpp:124:44:[m[K [01;31m[Kerror: [m[K‘[01m[Kwheel_r_[m[K’ was not declared in this scope
[0.992s]   124 |   comms_.read_encoder_values(wheel_l_.enc, [01;31m[Kwheel_r_[m[K.enc);
[0.992s]       |                                            [01;31m[K^~~~~~~~[m[K
[0.995s] [01m[K/home/ubuntu/Documents/swarm/ros/src/example_2/hardware/diffbot_system.cpp:[m[K In member function ‘[01m[Kvirtual hardware_interface::return_type ros2_control_demo_example_2::DiffBotSystemHardware::write(const rclcpp::Time&, const rclcpp::Duration&)[m[K’:
[0.995s] [01m[K/home/ubuntu/Documents/swarm/ros/src/example_2/hardware/diffbot_system.cpp:142:8:[m[K [01;31m[Kerror: [m[K‘[01m[Kcomms_[m[K’ was not declared in this scope
[0.995s]   142 |   if (![01;31m[Kcomms_[m[K.connected())
[0.995s]       |        [01;31m[K^~~~~~[m[K
[0.998s] [01m[K/home/ubuntu/Documents/swarm/ros/src/example_2/hardware/diffbot_system.cpp:150:3:[m[K [01;31m[Kerror: [m[K‘[01m[Kcomms_[m[K’ was not declared in this scope
[0.999s]   150 |   [01;31m[Kcomms_[m[K.set_motor_values(motor_l_counts_per_loop, motor_r_counts_per_loop);
[0.999s]       |   [01;31m[K^~~~~~[m[K
[1.203s] gmake[2]: *** [CMakeFiles/ros2_control_demo_example_2.dir/build.make:76: CMakeFiles/ros2_control_demo_example_2.dir/hardware/diffbot_system.cpp.o] Error 1
[1.203s] gmake[1]: *** [CMakeFiles/Makefile2:137: CMakeFiles/ros2_control_demo_example_2.dir/all] Error 2
[1.204s] gmake: *** [Makefile:146: all] Error 2
[1.205s] Invoked command in '/home/ubuntu/Documents/swarm/build/ros2_control_demo_example_2' returned '2': AMENT_PREFIX_PATH=/home/ubuntu/Documents/swarm/install/ros2_control_demo_description:${AMENT_PREFIX_PATH} CMAKE_PREFIX_PATH=/home/ubuntu/Documents/swarm/install/ros2_control_demo_description:/opt/ros/humble /usr/bin/cmake --build /home/ubuntu/Documents/swarm/build/ros2_control_demo_example_2 -- -j8 -l8
