[0.435s] DEBUG:colcon:Command line arguments: ['/usr/bin/colcon', 'build', '--symlink-install']
[0.436s] DEBUG:colcon:Parsed command line arguments: Namespace(log_base=None, log_level=None, verb_name='build', build_base='build', install_base='install', merge_install=False, symlink_install=True, test_result_base=None, continue_on_error=False, executor='parallel', parallel_workers=4, event_handlers=None, ignore_user_meta=False, metas=['./colcon.meta'], base_paths=['.'], packages_ignore=None, packages_ignore_regex=None, paths=None, packages_up_to=None, packages_up_to_regex=None, packages_above=None, packages_above_and_dependencies=None, packages_above_depth=None, packages_select_by_dep=None, packages_skip_by_dep=None, packages_skip_up_to=None, packages_select_build_failed=False, packages_skip_build_finished=False, packages_select_test_failures=False, packages_skip_test_passed=False, packages_select=None, packages_skip=None, packages_select_regex=None, packages_skip_regex=None, packages_start=None, packages_end=None, allow_overriding=[], cmake_args=None, cmake_target=None, cmake_target_skip_unavailable=False, cmake_clean_cache=False, cmake_clean_first=False, cmake_force_configure=False, ament_cmake_args=None, catkin_cmake_args=None, catkin_skip_building_tests=False, verb_parser=<colcon_defaults.argument_parser.defaults.DefaultArgumentsDecorator object at 0xffff88d29330>, verb_extension=<colcon_core.verb.build.BuildVerb object at 0xffff88e61f00>, main=<bound method BuildVerb.main of <colcon_core.verb.build.BuildVerb object at 0xffff88e61f00>>)
[1.289s] Level 1:colcon.colcon_core.package_discovery:discover_packages(colcon_meta) check parameters
[1.289s] Level 1:colcon.colcon_core.package_discovery:discover_packages(recursive) check parameters
[1.289s] Level 1:colcon.colcon_core.package_discovery:discover_packages(ignore) check parameters
[1.290s] Level 1:colcon.colcon_core.package_discovery:discover_packages(path) check parameters
[1.290s] Level 1:colcon.colcon_core.package_discovery:discover_packages(colcon_meta) discover
[1.290s] Level 1:colcon.colcon_core.package_discovery:discover_packages(recursive) discover
[1.290s] INFO:colcon.colcon_core.package_discovery:Crawling recursively for packages in '/home/swarmpi-one/swarm'
[1.291s] Level 1:colcon.colcon_core.package_identification:_identify(.) by extensions ['ignore', 'ignore_ament_install']
[1.291s] Level 1:colcon.colcon_core.package_identification:_identify(.) by extension 'ignore'
[1.291s] Level 1:colcon.colcon_core.package_identification:_identify(.) by extension 'ignore_ament_install'
[1.292s] Level 1:colcon.colcon_core.package_identification:_identify(.) by extensions ['colcon_pkg']
[1.292s] Level 1:colcon.colcon_core.package_identification:_identify(.) by extension 'colcon_pkg'
[1.292s] Level 1:colcon.colcon_core.package_identification:_identify(.) by extensions ['colcon_meta']
[1.292s] Level 1:colcon.colcon_core.package_identification:_identify(.) by extension 'colcon_meta'
[1.292s] Level 1:colcon.colcon_core.package_identification:_identify(.) by extensions ['ros']
[1.292s] Level 1:colcon.colcon_core.package_identification:_identify(.) by extension 'ros'
[1.338s] Level 1:colcon.colcon_core.package_identification:_identify(.) by extensions ['cmake', 'python']
[1.338s] Level 1:colcon.colcon_core.package_identification:_identify(.) by extension 'cmake'
[1.338s] Level 1:colcon.colcon_core.package_identification:_identify(.) by extension 'python'
[1.338s] Level 1:colcon.colcon_core.package_identification:_identify(.) by extensions ['python_setup_py']
[1.338s] Level 1:colcon.colcon_core.package_identification:_identify(.) by extension 'python_setup_py'
[1.339s] Level 1:colcon.colcon_core.package_identification:_identify(Rasp) by extensions ['ignore', 'ignore_ament_install']
[1.339s] Level 1:colcon.colcon_core.package_identification:_identify(Rasp) by extension 'ignore'
[1.340s] Level 1:colcon.colcon_core.package_identification:_identify(Rasp) by extension 'ignore_ament_install'
[1.340s] Level 1:colcon.colcon_core.package_identification:_identify(Rasp) by extensions ['colcon_pkg']
[1.340s] Level 1:colcon.colcon_core.package_identification:_identify(Rasp) by extension 'colcon_pkg'
[1.340s] Level 1:colcon.colcon_core.package_identification:_identify(Rasp) by extensions ['colcon_meta']
[1.340s] Level 1:colcon.colcon_core.package_identification:_identify(Rasp) by extension 'colcon_meta'
[1.341s] Level 1:colcon.colcon_core.package_identification:_identify(Rasp) by extensions ['ros']
[1.341s] Level 1:colcon.colcon_core.package_identification:_identify(Rasp) by extension 'ros'
[1.341s] Level 1:colcon.colcon_core.package_identification:_identify(Rasp) by extensions ['cmake', 'python']
[1.341s] Level 1:colcon.colcon_core.package_identification:_identify(Rasp) by extension 'cmake'
[1.341s] Level 1:colcon.colcon_core.package_identification:_identify(Rasp) by extension 'python'
[1.342s] Level 1:colcon.colcon_core.package_identification:_identify(Rasp) by extensions ['python_setup_py']
[1.342s] Level 1:colcon.colcon_core.package_identification:_identify(Rasp) by extension 'python_setup_py'
[1.342s] Level 1:colcon.colcon_core.package_identification:_identify(Rasp/Code) by extensions ['ignore', 'ignore_ament_install']
[1.343s] Level 1:colcon.colcon_core.package_identification:_identify(Rasp/Code) by extension 'ignore'
[1.343s] Level 1:colcon.colcon_core.package_identification:_identify(Rasp/Code) by extension 'ignore_ament_install'
[1.343s] Level 1:colcon.colcon_core.package_identification:_identify(Rasp/Code) by extensions ['colcon_pkg']
[1.343s] Level 1:colcon.colcon_core.package_identification:_identify(Rasp/Code) by extension 'colcon_pkg'
[1.343s] Level 1:colcon.colcon_core.package_identification:_identify(Rasp/Code) by extensions ['colcon_meta']
[1.343s] Level 1:colcon.colcon_core.package_identification:_identify(Rasp/Code) by extension 'colcon_meta'
[1.344s] Level 1:colcon.colcon_core.package_identification:_identify(Rasp/Code) by extensions ['ros']
[1.344s] Level 1:colcon.colcon_core.package_identification:_identify(Rasp/Code) by extension 'ros'
[1.344s] Level 1:colcon.colcon_core.package_identification:_identify(Rasp/Code) by extensions ['cmake', 'python']
[1.344s] Level 1:colcon.colcon_core.package_identification:_identify(Rasp/Code) by extension 'cmake'
[1.345s] Level 1:colcon.colcon_core.package_identification:_identify(Rasp/Code) by extension 'python'
[1.345s] Level 1:colcon.colcon_core.package_identification:_identify(Rasp/Code) by extensions ['python_setup_py']
[1.345s] Level 1:colcon.colcon_core.package_identification:_identify(Rasp/Code) by extension 'python_setup_py'
[1.345s] Level 1:colcon.colcon_core.package_identification:_identify(Rasp/Code/Example_Code_4_motor_control_w_pi) by extensions ['ignore', 'ignore_ament_install']
[1.346s] Level 1:colcon.colcon_core.package_identification:_identify(Rasp/Code/Example_Code_4_motor_control_w_pi) by extension 'ignore'
[1.346s] Level 1:colcon.colcon_core.package_identification:_identify(Rasp/Code/Example_Code_4_motor_control_w_pi) by extension 'ignore_ament_install'
[1.346s] Level 1:colcon.colcon_core.package_identification:_identify(Rasp/Code/Example_Code_4_motor_control_w_pi) by extensions ['colcon_pkg']
[1.346s] Level 1:colcon.colcon_core.package_identification:_identify(Rasp/Code/Example_Code_4_motor_control_w_pi) by extension 'colcon_pkg'
[1.347s] Level 1:colcon.colcon_core.package_identification:_identify(Rasp/Code/Example_Code_4_motor_control_w_pi) by extensions ['colcon_meta']
[1.347s] Level 1:colcon.colcon_core.package_identification:_identify(Rasp/Code/Example_Code_4_motor_control_w_pi) by extension 'colcon_meta'
[1.347s] Level 1:colcon.colcon_core.package_identification:_identify(Rasp/Code/Example_Code_4_motor_control_w_pi) by extensions ['ros']
[1.347s] Level 1:colcon.colcon_core.package_identification:_identify(Rasp/Code/Example_Code_4_motor_control_w_pi) by extension 'ros'
[1.347s] Level 1:colcon.colcon_core.package_identification:_identify(Rasp/Code/Example_Code_4_motor_control_w_pi) by extensions ['cmake', 'python']
[1.348s] Level 1:colcon.colcon_core.package_identification:_identify(Rasp/Code/Example_Code_4_motor_control_w_pi) by extension 'cmake'
[1.348s] Level 1:colcon.colcon_core.package_identification:_identify(Rasp/Code/Example_Code_4_motor_control_w_pi) by extension 'python'
[1.348s] Level 1:colcon.colcon_core.package_identification:_identify(Rasp/Code/Example_Code_4_motor_control_w_pi) by extensions ['python_setup_py']
[1.348s] Level 1:colcon.colcon_core.package_identification:_identify(Rasp/Code/Example_Code_4_motor_control_w_pi) by extension 'python_setup_py'
[1.349s] Level 1:colcon.colcon_core.package_identification:_identify(Rasp/Images) by extensions ['ignore', 'ignore_ament_install']
[1.349s] Level 1:colcon.colcon_core.package_identification:_identify(Rasp/Images) by extension 'ignore'
[1.349s] Level 1:colcon.colcon_core.package_identification:_identify(Rasp/Images) by extension 'ignore_ament_install'
[1.350s] Level 1:colcon.colcon_core.package_identification:_identify(Rasp/Images) by extensions ['colcon_pkg']
[1.350s] Level 1:colcon.colcon_core.package_identification:_identify(Rasp/Images) by extension 'colcon_pkg'
[1.350s] Level 1:colcon.colcon_core.package_identification:_identify(Rasp/Images) by extensions ['colcon_meta']
[1.350s] Level 1:colcon.colcon_core.package_identification:_identify(Rasp/Images) by extension 'colcon_meta'
[1.350s] Level 1:colcon.colcon_core.package_identification:_identify(Rasp/Images) by extensions ['ros']
[1.350s] Level 1:colcon.colcon_core.package_identification:_identify(Rasp/Images) by extension 'ros'
[1.351s] Level 1:colcon.colcon_core.package_identification:_identify(Rasp/Images) by extensions ['cmake', 'python']
[1.351s] Level 1:colcon.colcon_core.package_identification:_identify(Rasp/Images) by extension 'cmake'
[1.351s] Level 1:colcon.colcon_core.package_identification:_identify(Rasp/Images) by extension 'python'
[1.351s] Level 1:colcon.colcon_core.package_identification:_identify(Rasp/Images) by extensions ['python_setup_py']
[1.351s] Level 1:colcon.colcon_core.package_identification:_identify(Rasp/Images) by extension 'python_setup_py'
[1.352s] Level 1:colcon.colcon_core.package_identification:_identify(Rasp/Images/IMG_Rasp_cir) by extensions ['ignore', 'ignore_ament_install']
[1.352s] Level 1:colcon.colcon_core.package_identification:_identify(Rasp/Images/IMG_Rasp_cir) by extension 'ignore'
[1.352s] Level 1:colcon.colcon_core.package_identification:_identify(Rasp/Images/IMG_Rasp_cir) by extension 'ignore_ament_install'
[1.353s] Level 1:colcon.colcon_core.package_identification:_identify(Rasp/Images/IMG_Rasp_cir) by extensions ['colcon_pkg']
[1.353s] Level 1:colcon.colcon_core.package_identification:_identify(Rasp/Images/IMG_Rasp_cir) by extension 'colcon_pkg'
[1.353s] Level 1:colcon.colcon_core.package_identification:_identify(Rasp/Images/IMG_Rasp_cir) by extensions ['colcon_meta']
[1.353s] Level 1:colcon.colcon_core.package_identification:_identify(Rasp/Images/IMG_Rasp_cir) by extension 'colcon_meta'
[1.353s] Level 1:colcon.colcon_core.package_identification:_identify(Rasp/Images/IMG_Rasp_cir) by extensions ['ros']
[1.353s] Level 1:colcon.colcon_core.package_identification:_identify(Rasp/Images/IMG_Rasp_cir) by extension 'ros'
[1.354s] Level 1:colcon.colcon_core.package_identification:_identify(Rasp/Images/IMG_Rasp_cir) by extensions ['cmake', 'python']
[1.354s] Level 1:colcon.colcon_core.package_identification:_identify(Rasp/Images/IMG_Rasp_cir) by extension 'cmake'
[1.354s] Level 1:colcon.colcon_core.package_identification:_identify(Rasp/Images/IMG_Rasp_cir) by extension 'python'
[1.354s] Level 1:colcon.colcon_core.package_identification:_identify(Rasp/Images/IMG_Rasp_cir) by extensions ['python_setup_py']
[1.354s] Level 1:colcon.colcon_core.package_identification:_identify(Rasp/Images/IMG_Rasp_cir) by extension 'python_setup_py'
[1.355s] Level 1:colcon.colcon_core.package_identification:_identify(build) by extensions ['ignore', 'ignore_ament_install']
[1.355s] Level 1:colcon.colcon_core.package_identification:_identify(build) by extension 'ignore'
[1.356s] Level 1:colcon.colcon_core.package_identification:_identify(build) ignored
[1.356s] Level 1:colcon.colcon_core.package_identification:_identify(install) by extensions ['ignore', 'ignore_ament_install']
[1.357s] Level 1:colcon.colcon_core.package_identification:_identify(install) by extension 'ignore'
[1.357s] Level 1:colcon.colcon_core.package_identification:_identify(install) ignored
[1.357s] Level 1:colcon.colcon_core.package_identification:_identify(log) by extensions ['ignore', 'ignore_ament_install']
[1.358s] Level 1:colcon.colcon_core.package_identification:_identify(log) by extension 'ignore'
[1.358s] Level 1:colcon.colcon_core.package_identification:_identify(log) ignored
[1.358s] Level 1:colcon.colcon_core.package_identification:_identify(ros) by extensions ['ignore', 'ignore_ament_install']
[1.358s] Level 1:colcon.colcon_core.package_identification:_identify(ros) by extension 'ignore'
[1.359s] Level 1:colcon.colcon_core.package_identification:_identify(ros) by extension 'ignore_ament_install'
[1.359s] Level 1:colcon.colcon_core.package_identification:_identify(ros) by extensions ['colcon_pkg']
[1.359s] Level 1:colcon.colcon_core.package_identification:_identify(ros) by extension 'colcon_pkg'
[1.359s] Level 1:colcon.colcon_core.package_identification:_identify(ros) by extensions ['colcon_meta']
[1.359s] Level 1:colcon.colcon_core.package_identification:_identify(ros) by extension 'colcon_meta'
[1.360s] Level 1:colcon.colcon_core.package_identification:_identify(ros) by extensions ['ros']
[1.360s] Level 1:colcon.colcon_core.package_identification:_identify(ros) by extension 'ros'
[1.360s] Level 1:colcon.colcon_core.package_identification:_identify(ros) by extensions ['cmake', 'python']
[1.360s] Level 1:colcon.colcon_core.package_identification:_identify(ros) by extension 'cmake'
[1.360s] Level 1:colcon.colcon_core.package_identification:_identify(ros) by extension 'python'
[1.361s] Level 1:colcon.colcon_core.package_identification:_identify(ros) by extensions ['python_setup_py']
[1.361s] Level 1:colcon.colcon_core.package_identification:_identify(ros) by extension 'python_setup_py'
[1.361s] Level 1:colcon.colcon_core.package_identification:_identify(ros/build) by extensions ['ignore', 'ignore_ament_install']
[1.362s] Level 1:colcon.colcon_core.package_identification:_identify(ros/build) by extension 'ignore'
[1.362s] Level 1:colcon.colcon_core.package_identification:_identify(ros/build) ignored
[1.362s] Level 1:colcon.colcon_core.package_identification:_identify(ros/install) by extensions ['ignore', 'ignore_ament_install']
[1.363s] Level 1:colcon.colcon_core.package_identification:_identify(ros/install) by extension 'ignore'
[1.363s] Level 1:colcon.colcon_core.package_identification:_identify(ros/install) ignored
[1.364s] Level 1:colcon.colcon_core.package_identification:_identify(ros/log) by extensions ['ignore', 'ignore_ament_install']
[1.364s] Level 1:colcon.colcon_core.package_identification:_identify(ros/log) by extension 'ignore'
[1.364s] Level 1:colcon.colcon_core.package_identification:_identify(ros/log) ignored
[1.365s] Level 1:colcon.colcon_core.package_identification:_identify(ros/src) by extensions ['ignore', 'ignore_ament_install']
[1.365s] Level 1:colcon.colcon_core.package_identification:_identify(ros/src) by extension 'ignore'
[1.366s] Level 1:colcon.colcon_core.package_identification:_identify(ros/src) by extension 'ignore_ament_install'
[1.366s] Level 1:colcon.colcon_core.package_identification:_identify(ros/src) by extensions ['colcon_pkg']
[1.366s] Level 1:colcon.colcon_core.package_identification:_identify(ros/src) by extension 'colcon_pkg'
[1.366s] Level 1:colcon.colcon_core.package_identification:_identify(ros/src) by extensions ['colcon_meta']
[1.367s] Level 1:colcon.colcon_core.package_identification:_identify(ros/src) by extension 'colcon_meta'
[1.367s] Level 1:colcon.colcon_core.package_identification:_identify(ros/src) by extensions ['ros']
[1.367s] Level 1:colcon.colcon_core.package_identification:_identify(ros/src) by extension 'ros'
[1.367s] Level 1:colcon.colcon_core.package_identification:_identify(ros/src) by extensions ['cmake', 'python']
[1.368s] Level 1:colcon.colcon_core.package_identification:_identify(ros/src) by extension 'cmake'
[1.368s] Level 1:colcon.colcon_core.package_identification:_identify(ros/src) by extension 'python'
[1.368s] Level 1:colcon.colcon_core.package_identification:_identify(ros/src) by extensions ['python_setup_py']
[1.369s] Level 1:colcon.colcon_core.package_identification:_identify(ros/src) by extension 'python_setup_py'
[1.369s] Level 1:colcon.colcon_core.package_identification:_identify(ros/src/ros2_control_demo_description) by extensions ['ignore', 'ignore_ament_install']
[1.370s] Level 1:colcon.colcon_core.package_identification:_identify(ros/src/ros2_control_demo_description) by extension 'ignore'
[1.370s] Level 1:colcon.colcon_core.package_identification:_identify(ros/src/ros2_control_demo_description) by extension 'ignore_ament_install'
[1.370s] Level 1:colcon.colcon_core.package_identification:_identify(ros/src/ros2_control_demo_description) by extensions ['colcon_pkg']
[1.370s] Level 1:colcon.colcon_core.package_identification:_identify(ros/src/ros2_control_demo_description) by extension 'colcon_pkg'
[1.370s] Level 1:colcon.colcon_core.package_identification:_identify(ros/src/ros2_control_demo_description) by extensions ['colcon_meta']
[1.370s] Level 1:colcon.colcon_core.package_identification:_identify(ros/src/ros2_control_demo_description) by extension 'colcon_meta'
[1.371s] Level 1:colcon.colcon_core.package_identification:_identify(ros/src/ros2_control_demo_description) by extensions ['ros']
[1.371s] Level 1:colcon.colcon_core.package_identification:_identify(ros/src/ros2_control_demo_description) by extension 'ros'
[1.379s] DEBUG:colcon.colcon_core.package_identification:Package 'ros/src/ros2_control_demo_description' with type 'ros.ament_cmake' and name 'ros2_control_demo_description'
[1.380s] Level 1:colcon.colcon_core.package_identification:_identify(ros/src/ros2_control_demo_example_2) by extensions ['ignore', 'ignore_ament_install']
[1.380s] Level 1:colcon.colcon_core.package_identification:_identify(ros/src/ros2_control_demo_example_2) by extension 'ignore'
[1.380s] Level 1:colcon.colcon_core.package_identification:_identify(ros/src/ros2_control_demo_example_2) by extension 'ignore_ament_install'
[1.380s] Level 1:colcon.colcon_core.package_identification:_identify(ros/src/ros2_control_demo_example_2) by extensions ['colcon_pkg']
[1.381s] Level 1:colcon.colcon_core.package_identification:_identify(ros/src/ros2_control_demo_example_2) by extension 'colcon_pkg'
[1.381s] Level 1:colcon.colcon_core.package_identification:_identify(ros/src/ros2_control_demo_example_2) by extensions ['colcon_meta']
[1.381s] Level 1:colcon.colcon_core.package_identification:_identify(ros/src/ros2_control_demo_example_2) by extension 'colcon_meta'
[1.382s] Level 1:colcon.colcon_core.package_identification:_identify(ros/src/ros2_control_demo_example_2) by extensions ['ros']
[1.382s] Level 1:colcon.colcon_core.package_identification:_identify(ros/src/ros2_control_demo_example_2) by extension 'ros'
[1.387s] DEBUG:colcon.colcon_core.package_identification:Package 'ros/src/ros2_control_demo_example_2' with type 'ros.ament_cmake' and name 'ros2_control_demo_example_2'
[1.388s] Level 1:colcon.colcon_core.package_identification:_identify(ros/src/swarm_bot) by extensions ['ignore', 'ignore_ament_install']
[1.388s] Level 1:colcon.colcon_core.package_identification:_identify(ros/src/swarm_bot) by extension 'ignore'
[1.388s] Level 1:colcon.colcon_core.package_identification:_identify(ros/src/swarm_bot) by extension 'ignore_ament_install'
[1.389s] Level 1:colcon.colcon_core.package_identification:_identify(ros/src/swarm_bot) by extensions ['colcon_pkg']
[1.389s] Level 1:colcon.colcon_core.package_identification:_identify(ros/src/swarm_bot) by extension 'colcon_pkg'
[1.389s] Level 1:colcon.colcon_core.package_identification:_identify(ros/src/swarm_bot) by extensions ['colcon_meta']
[1.389s] Level 1:colcon.colcon_core.package_identification:_identify(ros/src/swarm_bot) by extension 'colcon_meta'
[1.389s] Level 1:colcon.colcon_core.package_identification:_identify(ros/src/swarm_bot) by extensions ['ros']
[1.389s] Level 1:colcon.colcon_core.package_identification:_identify(ros/src/swarm_bot) by extension 'ros'
[1.391s] DEBUG:colcon.colcon_core.package_identification:Package 'ros/src/swarm_bot' with type 'ros.ament_cmake' and name 'swarm_bot'
[1.392s] Level 1:colcon.colcon_core.package_identification:_identify(ros/src/vslam) by extensions ['ignore', 'ignore_ament_install']
[1.392s] Level 1:colcon.colcon_core.package_identification:_identify(ros/src/vslam) by extension 'ignore'
[1.393s] Level 1:colcon.colcon_core.package_identification:_identify(ros/src/vslam) by extension 'ignore_ament_install'
[1.393s] Level 1:colcon.colcon_core.package_identification:_identify(ros/src/vslam) by extensions ['colcon_pkg']
[1.393s] Level 1:colcon.colcon_core.package_identification:_identify(ros/src/vslam) by extension 'colcon_pkg'
[1.393s] Level 1:colcon.colcon_core.package_identification:_identify(ros/src/vslam) by extensions ['colcon_meta']
[1.393s] Level 1:colcon.colcon_core.package_identification:_identify(ros/src/vslam) by extension 'colcon_meta'
[1.394s] Level 1:colcon.colcon_core.package_identification:_identify(ros/src/vslam) by extensions ['ros']
[1.394s] Level 1:colcon.colcon_core.package_identification:_identify(ros/src/vslam) by extension 'ros'
[1.397s] DEBUG:colcon.colcon_core.package_identification:Package 'ros/src/vslam' with type 'ros.ament_cmake' and name 'vslam'
[1.397s] Level 1:colcon.colcon_core.package_discovery:discover_packages(recursive) using defaults
[1.397s] Level 1:colcon.colcon_core.package_discovery:discover_packages(ignore) discover
[1.397s] Level 1:colcon.colcon_core.package_discovery:discover_packages(ignore) using defaults
[1.397s] Level 1:colcon.colcon_core.package_discovery:discover_packages(path) discover
[1.397s] Level 1:colcon.colcon_core.package_discovery:discover_packages(path) using defaults
[1.478s] Level 1:colcon.colcon_core.package_discovery:discover_packages(prefix_path) check parameters
[1.478s] Level 1:colcon.colcon_core.package_discovery:discover_packages(prefix_path) discover
[1.487s] DEBUG:colcon.colcon_installed_package_information.package_discovery:Found 6 installed packages in /home/swarmpi-one/swarm/ros/install
[1.498s] DEBUG:colcon.colcon_installed_package_information.package_discovery:Found 320 installed packages in /opt/ros/humble
[1.540s] Level 1:colcon.colcon_core.package_discovery:discover_packages(prefix_path) using defaults
[1.726s] Level 5:colcon.colcon_core.verb:set package 'ros2_control_demo_description' build argument 'cmake_args' from command line to 'None'
[1.726s] Level 5:colcon.colcon_core.verb:set package 'ros2_control_demo_description' build argument 'cmake_target' from command line to 'None'
[1.726s] Level 5:colcon.colcon_core.verb:set package 'ros2_control_demo_description' build argument 'cmake_target_skip_unavailable' from command line to 'False'
[1.726s] Level 5:colcon.colcon_core.verb:set package 'ros2_control_demo_description' build argument 'cmake_clean_cache' from command line to 'False'
[1.726s] Level 5:colcon.colcon_core.verb:set package 'ros2_control_demo_description' build argument 'cmake_clean_first' from command line to 'False'
[1.726s] Level 5:colcon.colcon_core.verb:set package 'ros2_control_demo_description' build argument 'cmake_force_configure' from command line to 'False'
[1.726s] Level 5:colcon.colcon_core.verb:set package 'ros2_control_demo_description' build argument 'ament_cmake_args' from command line to 'None'
[1.727s] Level 5:colcon.colcon_core.verb:set package 'ros2_control_demo_description' build argument 'catkin_cmake_args' from command line to 'None'
[1.727s] Level 5:colcon.colcon_core.verb:set package 'ros2_control_demo_description' build argument 'catkin_skip_building_tests' from command line to 'False'
[1.727s] DEBUG:colcon.colcon_core.verb:Building package 'ros2_control_demo_description' with the following arguments: {'ament_cmake_args': None, 'build_base': '/home/swarmpi-one/swarm/build/ros2_control_demo_description', 'catkin_cmake_args': None, 'catkin_skip_building_tests': False, 'cmake_args': None, 'cmake_clean_cache': False, 'cmake_clean_first': False, 'cmake_force_configure': False, 'cmake_target': None, 'cmake_target_skip_unavailable': False, 'install_base': '/home/swarmpi-one/swarm/install/ros2_control_demo_description', 'merge_install': False, 'path': '/home/swarmpi-one/swarm/ros/src/ros2_control_demo_description', 'symlink_install': True, 'test_result_base': None}
[1.729s] Level 5:colcon.colcon_core.verb:set package 'swarm_bot' build argument 'cmake_args' from command line to 'None'
[1.729s] Level 5:colcon.colcon_core.verb:set package 'swarm_bot' build argument 'cmake_target' from command line to 'None'
[1.729s] Level 5:colcon.colcon_core.verb:set package 'swarm_bot' build argument 'cmake_target_skip_unavailable' from command line to 'False'
[1.729s] Level 5:colcon.colcon_core.verb:set package 'swarm_bot' build argument 'cmake_clean_cache' from command line to 'False'
[1.729s] Level 5:colcon.colcon_core.verb:set package 'swarm_bot' build argument 'cmake_clean_first' from command line to 'False'
[1.729s] Level 5:colcon.colcon_core.verb:set package 'swarm_bot' build argument 'cmake_force_configure' from command line to 'False'
[1.729s] Level 5:colcon.colcon_core.verb:set package 'swarm_bot' build argument 'ament_cmake_args' from command line to 'None'
[1.730s] Level 5:colcon.colcon_core.verb:set package 'swarm_bot' build argument 'catkin_cmake_args' from command line to 'None'
[1.730s] Level 5:colcon.colcon_core.verb:set package 'swarm_bot' build argument 'catkin_skip_building_tests' from command line to 'False'
[1.730s] DEBUG:colcon.colcon_core.verb:Building package 'swarm_bot' with the following arguments: {'ament_cmake_args': None, 'build_base': '/home/swarmpi-one/swarm/build/swarm_bot', 'catkin_cmake_args': None, 'catkin_skip_building_tests': False, 'cmake_args': None, 'cmake_clean_cache': False, 'cmake_clean_first': False, 'cmake_force_configure': False, 'cmake_target': None, 'cmake_target_skip_unavailable': False, 'install_base': '/home/swarmpi-one/swarm/install/swarm_bot', 'merge_install': False, 'path': '/home/swarmpi-one/swarm/ros/src/swarm_bot', 'symlink_install': True, 'test_result_base': None}
[1.731s] Level 5:colcon.colcon_core.verb:set package 'vslam' build argument 'cmake_args' from command line to 'None'
[1.731s] Level 5:colcon.colcon_core.verb:set package 'vslam' build argument 'cmake_target' from command line to 'None'
[1.732s] Level 5:colcon.colcon_core.verb:set package 'vslam' build argument 'cmake_target_skip_unavailable' from command line to 'False'
[1.732s] Level 5:colcon.colcon_core.verb:set package 'vslam' build argument 'cmake_clean_cache' from command line to 'False'
[1.732s] Level 5:colcon.colcon_core.verb:set package 'vslam' build argument 'cmake_clean_first' from command line to 'False'
[1.732s] Level 5:colcon.colcon_core.verb:set package 'vslam' build argument 'cmake_force_configure' from command line to 'False'
[1.732s] Level 5:colcon.colcon_core.verb:set package 'vslam' build argument 'ament_cmake_args' from command line to 'None'
[1.732s] Level 5:colcon.colcon_core.verb:set package 'vslam' build argument 'catkin_cmake_args' from command line to 'None'
[1.732s] Level 5:colcon.colcon_core.verb:set package 'vslam' build argument 'catkin_skip_building_tests' from command line to 'False'
[1.732s] DEBUG:colcon.colcon_core.verb:Building package 'vslam' with the following arguments: {'ament_cmake_args': None, 'build_base': '/home/swarmpi-one/swarm/build/vslam', 'catkin_cmake_args': None, 'catkin_skip_building_tests': False, 'cmake_args': None, 'cmake_clean_cache': False, 'cmake_clean_first': False, 'cmake_force_configure': False, 'cmake_target': None, 'cmake_target_skip_unavailable': False, 'install_base': '/home/swarmpi-one/swarm/install/vslam', 'merge_install': False, 'path': '/home/swarmpi-one/swarm/ros/src/vslam', 'symlink_install': True, 'test_result_base': None}
[1.734s] Level 5:colcon.colcon_core.verb:set package 'ros2_control_demo_example_2' build argument 'cmake_args' from command line to 'None'
[1.734s] Level 5:colcon.colcon_core.verb:set package 'ros2_control_demo_example_2' build argument 'cmake_target' from command line to 'None'
[1.734s] Level 5:colcon.colcon_core.verb:set package 'ros2_control_demo_example_2' build argument 'cmake_target_skip_unavailable' from command line to 'False'
[1.734s] Level 5:colcon.colcon_core.verb:set package 'ros2_control_demo_example_2' build argument 'cmake_clean_cache' from command line to 'False'
[1.734s] Level 5:colcon.colcon_core.verb:set package 'ros2_control_demo_example_2' build argument 'cmake_clean_first' from command line to 'False'
[1.735s] Level 5:colcon.colcon_core.verb:set package 'ros2_control_demo_example_2' build argument 'cmake_force_configure' from command line to 'False'
[1.735s] Level 5:colcon.colcon_core.verb:set package 'ros2_control_demo_example_2' build argument 'ament_cmake_args' from command line to 'None'
[1.735s] Level 5:colcon.colcon_core.verb:set package 'ros2_control_demo_example_2' build argument 'catkin_cmake_args' from command line to 'None'
[1.735s] Level 5:colcon.colcon_core.verb:set package 'ros2_control_demo_example_2' build argument 'catkin_skip_building_tests' from command line to 'False'
[1.735s] DEBUG:colcon.colcon_core.verb:Building package 'ros2_control_demo_example_2' with the following arguments: {'ament_cmake_args': None, 'build_base': '/home/swarmpi-one/swarm/build/ros2_control_demo_example_2', 'catkin_cmake_args': None, 'catkin_skip_building_tests': False, 'cmake_args': None, 'cmake_clean_cache': False, 'cmake_clean_first': False, 'cmake_force_configure': False, 'cmake_target': None, 'cmake_target_skip_unavailable': False, 'install_base': '/home/swarmpi-one/swarm/install/ros2_control_demo_example_2', 'merge_install': False, 'path': '/home/swarmpi-one/swarm/ros/src/ros2_control_demo_example_2', 'symlink_install': True, 'test_result_base': None}
[1.735s] INFO:colcon.colcon_core.executor:Executing jobs using 'parallel' executor
[1.739s] DEBUG:colcon.colcon_parallel_executor.executor.parallel:run_until_complete
[1.740s] INFO:colcon.colcon_ros.task.ament_cmake.build:Building ROS package in '/home/swarmpi-one/swarm/ros/src/ros2_control_demo_description' with build type 'ament_cmake'
[1.741s] INFO:colcon.colcon_cmake.task.cmake.build:Building CMake package in '/home/swarmpi-one/swarm/ros/src/ros2_control_demo_description'
[1.750s] INFO:colcon.colcon_core.plugin_system:Skipping extension 'colcon_core.shell.bat': Not used on non-Windows systems
[1.752s] INFO:colcon.colcon_core.shell:Skip shell extension 'powershell' for command environment: Not usable outside of PowerShell
[1.752s] DEBUG:colcon.colcon_core.shell:Skip shell extension 'dsv' for command environment
[1.774s] INFO:colcon.colcon_ros.task.ament_cmake.build:Building ROS package in '/home/swarmpi-one/swarm/ros/src/swarm_bot' with build type 'ament_cmake'
[1.774s] INFO:colcon.colcon_cmake.task.cmake.build:Building CMake package in '/home/swarmpi-one/swarm/ros/src/swarm_bot'
[1.775s] INFO:colcon.colcon_core.shell:Skip shell extension 'powershell' for command environment: Not usable outside of PowerShell
[1.776s] DEBUG:colcon.colcon_core.shell:Skip shell extension 'dsv' for command environment
[1.799s] INFO:colcon.colcon_ros.task.ament_cmake.build:Building ROS package in '/home/swarmpi-one/swarm/ros/src/vslam' with build type 'ament_cmake'
[1.799s] INFO:colcon.colcon_cmake.task.cmake.build:Building CMake package in '/home/swarmpi-one/swarm/ros/src/vslam'
[1.801s] INFO:colcon.colcon_core.shell:Skip shell extension 'powershell' for command environment: Not usable outside of PowerShell
[1.801s] DEBUG:colcon.colcon_core.shell:Skip shell extension 'dsv' for command environment
[1.840s] DEBUG:colcon.colcon_core.event_handler.log_command:Invoking command in '/home/swarmpi-one/swarm/build/ros2_control_demo_description': CMAKE_PREFIX_PATH=${CMAKE_PREFIX_PATH}:/home/swarmpi-one/swarm/ros/install/shitty_motor_controller:/opt/ros/humble /usr/bin/cmake --build /home/swarmpi-one/swarm/build/ros2_control_demo_description -- -j4 -l4
[1.868s] DEBUG:colcon.colcon_core.event_handler.log_command:Invoking command in '/home/swarmpi-one/swarm/build/swarm_bot': CMAKE_PREFIX_PATH=${CMAKE_PREFIX_PATH}:/home/swarmpi-one/swarm/ros/install/shitty_motor_controller:/opt/ros/humble /usr/bin/cmake --build /home/swarmpi-one/swarm/build/swarm_bot -- -j4 -l4
[1.893s] DEBUG:colcon.colcon_core.event_handler.log_command:Invoking command in '/home/swarmpi-one/swarm/build/vslam': CMAKE_PREFIX_PATH=${CMAKE_PREFIX_PATH}:/home/swarmpi-one/swarm/ros/install/shitty_motor_controller:/opt/ros/humble /usr/bin/cmake --build /home/swarmpi-one/swarm/build/vslam -- -j4 -l4
[1.938s] DEBUG:colcon.colcon_core.event_handler.log_command:Invoked command in '/home/swarmpi-one/swarm/build/ros2_control_demo_description' returned '2': CMAKE_PREFIX_PATH=${CMAKE_PREFIX_PATH}:/home/swarmpi-one/swarm/ros/install/shitty_motor_controller:/opt/ros/humble /usr/bin/cmake --build /home/swarmpi-one/swarm/build/ros2_control_demo_description -- -j4 -l4
[1.960s] DEBUG:colcon.colcon_core.event_handler.log_command:Invoked command in '/home/swarmpi-one/swarm/build/swarm_bot' returned '2': CMAKE_PREFIX_PATH=${CMAKE_PREFIX_PATH}:/home/swarmpi-one/swarm/ros/install/shitty_motor_controller:/opt/ros/humble /usr/bin/cmake --build /home/swarmpi-one/swarm/build/swarm_bot -- -j4 -l4
[1.992s] DEBUG:colcon.colcon_core.event_handler.log_command:Invoked command in '/home/swarmpi-one/swarm/build/vslam' returned '2': CMAKE_PREFIX_PATH=${CMAKE_PREFIX_PATH}:/home/swarmpi-one/swarm/ros/install/shitty_motor_controller:/opt/ros/humble /usr/bin/cmake --build /home/swarmpi-one/swarm/build/vslam -- -j4 -l4
[2.053s] Level 1:colcon.colcon_core.environment:create_environment_scripts_only(ros2_control_demo_description)
[2.066s] Level 1:colcon.colcon_core.environment:checking '/home/swarmpi-one/swarm/install/ros2_control_demo_description' for CMake module files
[2.070s] Level 1:colcon.colcon_core.environment:checking '/home/swarmpi-one/swarm/install/ros2_control_demo_description' for CMake config files
[2.074s] Level 1:colcon.colcon_core.shell:create_environment_hook('ros2_control_demo_description', 'cmake_prefix_path')
[2.075s] INFO:colcon.colcon_core.shell:Creating environment hook '/home/swarmpi-one/swarm/install/ros2_control_demo_description/share/ros2_control_demo_description/hook/cmake_prefix_path.ps1'
[2.077s] INFO:colcon.colcon_core.shell:Creating environment descriptor '/home/swarmpi-one/swarm/install/ros2_control_demo_description/share/ros2_control_demo_description/hook/cmake_prefix_path.dsv'
[2.080s] INFO:colcon.colcon_core.shell:Creating environment hook '/home/swarmpi-one/swarm/install/ros2_control_demo_description/share/ros2_control_demo_description/hook/cmake_prefix_path.sh'
[2.084s] Level 1:colcon.colcon_core.environment:checking '/home/swarmpi-one/swarm/install/ros2_control_demo_description/bin'
[2.084s] Level 1:colcon.colcon_core.environment:checking '/home/swarmpi-one/swarm/install/ros2_control_demo_description/lib/pkgconfig/ros2_control_demo_description.pc'
[2.085s] Level 1:colcon.colcon_core.environment:checking '/home/swarmpi-one/swarm/install/ros2_control_demo_description/lib/python3.10/site-packages'
[2.086s] Level 1:colcon.colcon_core.environment:checking '/home/swarmpi-one/swarm/install/ros2_control_demo_description/bin'
[2.088s] INFO:colcon.colcon_core.shell:Creating package script '/home/swarmpi-one/swarm/install/ros2_control_demo_description/share/ros2_control_demo_description/package.ps1'
[2.091s] INFO:colcon.colcon_core.shell:Creating package descriptor '/home/swarmpi-one/swarm/install/ros2_control_demo_description/share/ros2_control_demo_description/package.dsv'
[2.094s] INFO:colcon.colcon_core.shell:Creating package script '/home/swarmpi-one/swarm/install/ros2_control_demo_description/share/ros2_control_demo_description/package.sh'
[2.098s] INFO:colcon.colcon_core.shell:Creating package script '/home/swarmpi-one/swarm/install/ros2_control_demo_description/share/ros2_control_demo_description/package.bash'
[2.101s] INFO:colcon.colcon_core.shell:Creating package script '/home/swarmpi-one/swarm/install/ros2_control_demo_description/share/ros2_control_demo_description/package.zsh'
[2.105s] Level 1:colcon.colcon_core.environment:create_file_with_runtime_dependencies(/home/swarmpi-one/swarm/install/ros2_control_demo_description/share/colcon-core/packages/ros2_control_demo_description)
[2.468s] DEBUG:colcon.colcon_parallel_executor.executor.parallel:closing loop
[2.470s] DEBUG:colcon.colcon_parallel_executor.executor.parallel:loop closed
[2.471s] DEBUG:colcon.colcon_parallel_executor.executor.parallel:run_until_complete finished with '2'
[2.471s] DEBUG:colcon.colcon_core.event_reactor:joining thread
[2.498s] INFO:colcon.colcon_core.plugin_system:Skipping extension 'colcon_notification.desktop_notification.notify_send': Could not find 'notify-send'
[2.498s] INFO:colcon.colcon_core.plugin_system:Skipping extension 'colcon_notification.desktop_notification.terminal_notifier': Not used on non-Darwin systems
[2.498s] INFO:colcon.colcon_core.plugin_system:Skipping extension 'colcon_notification.desktop_notification.win32': Not used on non-Windows systems
[2.499s] INFO:colcon.colcon_notification.desktop_notification:Sending desktop notification using 'notify2'
[2.501s] DEBUG:colcon.colcon_notification.desktop_notification.notify2:Failed to initialize notify2: org.freedesktop.DBus.Error.ServiceUnknown: The name org.freedesktop.Notifications was not provided by any .service files
[2.502s] DEBUG:colcon.colcon_core.event_reactor:joined thread
[2.503s] INFO:colcon.colcon_core.shell:Creating prefix script '/home/swarmpi-one/swarm/install/local_setup.ps1'
[2.507s] INFO:colcon.colcon_core.shell:Creating prefix util module '/home/swarmpi-one/swarm/install/_local_setup_util_ps1.py'
[2.512s] INFO:colcon.colcon_core.shell:Creating prefix chain script '/home/swarmpi-one/swarm/install/setup.ps1'
[2.518s] INFO:colcon.colcon_core.shell:Creating prefix script '/home/swarmpi-one/swarm/install/local_setup.sh'
[2.520s] INFO:colcon.colcon_core.shell:Creating prefix util module '/home/swarmpi-one/swarm/install/_local_setup_util_sh.py'
[2.523s] INFO:colcon.colcon_core.shell:Creating prefix chain script '/home/swarmpi-one/swarm/install/setup.sh'
[2.528s] INFO:colcon.colcon_core.shell:Creating prefix script '/home/swarmpi-one/swarm/install/local_setup.bash'
[2.531s] INFO:colcon.colcon_core.shell:Creating prefix chain script '/home/swarmpi-one/swarm/install/setup.bash'
[2.536s] INFO:colcon.colcon_core.shell:Creating prefix script '/home/swarmpi-one/swarm/install/local_setup.zsh'
[2.539s] INFO:colcon.colcon_core.shell:Creating prefix chain script '/home/swarmpi-one/swarm/install/setup.zsh'
