-- The C compiler identification is GNU 11.4.0
-- The CXX compiler identification is GNU 11.4.0
-- Detecting C compiler ABI info
-- Detecting C compiler ABI info - done
-- Check for working C compiler: /usr/bin/cc - skipped
-- Detecting C compile features
-- Detecting C compile features - done
-- Detecting CXX compiler ABI info
-- Detecting CXX compiler ABI info - done
-- Check for working CXX compiler: /usr/bin/c++ - skipped
-- Detecting CXX compile features
-- Detecting CXX compile features - done
-- Found ament_cmake: 1.3.6 (/opt/ros/humble/share/ament_cmake/cmake)
-- Found Python3: /usr/bin/python3.10 (found version "3.10.12") found components: Interpreter 
-- Found rclcpp: 16.0.7 (/opt/ros/humble/share/rclcpp/cmake)
-- Found rosidl_generator_c: 3.1.5 (/opt/ros/humble/share/rosidl_generator_c/cmake)
-- Found rosidl_adapter: 3.1.5 (/opt/ros/humble/share/rosidl_adapter/cmake)
-- Found rosidl_generator_cpp: 3.1.5 (/opt/ros/humble/share/rosidl_generator_cpp/cmake)
-- Using all available rosidl_typesupport_c: rosidl_typesupport_fastrtps_c;rosidl_typesupport_introspection_c
-- Using all available rosidl_typesupport_cpp: rosidl_typesupport_fastrtps_cpp;rosidl_typesupport_introspection_cpp
-- Found rmw_implementation_cmake: 6.1.1 (/opt/ros/humble/share/rmw_implementation_cmake/cmake)
-- Found rmw_fastrtps_cpp: 6.2.5 (/opt/ros/humble/share/rmw_fastrtps_cpp/cmake)
-- Found OpenSSL: /usr/lib/aarch64-linux-gnu/libcrypto.so (found version "3.0.2")  
-- Found FastRTPS: /opt/ros/humble/include  
-- Using RMW implementation 'rmw_fastrtps_cpp' as default
-- Looking for pthread.h
-- Looking for pthread.h - found
-- Performing Test CMAKE_HAVE_LIBC_PTHREAD
-- Performing Test CMAKE_HAVE_LIBC_PTHREAD - Success
-- Found Threads: TRUE  
-- Found sensor_msgs: 4.2.3 (/opt/ros/humble/share/sensor_msgs/cmake)
-- Found rosidl_default_generators: 1.2.0 (/opt/ros/humble/share/rosidl_default_generators/cmake)
-- Found image_transport: 3.1.7 (/opt/ros/humble/share/image_transport/cmake)
-- Found cv_bridge: 3.2.1 (/opt/ros/humble/share/cv_bridge/cmake)
-- Found OpenCV: /usr/local (found version "4.6.0") 
-- Found ament_cmake_ros: 0.10.0 (/opt/ros/humble/share/ament_cmake_ros/cmake)
-- Using all available rosidl_typesupport_c: rosidl_typesupport_fastrtps_c;rosidl_typesupport_introspection_c
-- Using all available rosidl_typesupport_cpp: rosidl_typesupport_fastrtps_cpp;rosidl_typesupport_introspection_cpp
-- Found PythonInterp: /usr/bin/python3 (found suitable version "3.10.12", minimum required is "3.6") 
-- Found python_cmake_module: 0.10.0 (/opt/ros/humble/share/python_cmake_module/cmake)
-- Found PythonLibs: /usr/lib/aarch64-linux-gnu/libpython3.10.so (found suitable version "3.10.12", minimum required is "3.5") 
-- Using PYTHON_EXECUTABLE: /usr/bin/python3
-- Using PYTHON_INCLUDE_DIRS: /usr/include/python3.10
-- Using PYTHON_LIBRARIES: /usr/lib/aarch64-linux-gnu/libpython3.10.so
-- Found PythonExtra: .so  
-- Configuring done
-- Generating done
-- Build files have been written to: /home/ubuntu/Documents/swarm/build/vslam
[  2%] [34m[1mGenerating C code for ROS interfaces[0m
[  5%] [34m[1mGenerating C++ code for ROS interfaces[0m
[  8%] [32mBuilding CXX object CMakeFiles/video_reader.dir/src/video_reader.cpp.o[0m
[  8%] Built target ament_cmake_python_copy_vslam
running egg_info
creating vslam.egg-info
writing vslam.egg-info/PKG-INFO
writing dependency_links to vslam.egg-info/dependency_links.txt
writing top-level names to vslam.egg-info/top_level.txt
writing manifest file 'vslam.egg-info/SOURCES.txt'
reading manifest file 'vslam.egg-info/SOURCES.txt'
writing manifest file 'vslam.egg-info/SOURCES.txt'
[  8%] Built target ament_cmake_python_build_vslam_egg
[  8%] Built target vslam__cpp
[ 10%] [34m[1mGenerating C++ type support for eProsima Fast-RTPS[0m
[ 13%] [34m[1mGenerating C++ introspection for ROS interfaces[0m
[ 16%] [32mBuilding C object CMakeFiles/vslam__rosidl_generator_c.dir/rosidl_generator_c/vslam/msg/detail/point_cloud_and_pose__functions.c.o[0m
[ 18%] [34m[1mGenerating C++ type support dispatch for ROS interfaces[0m
[ 21%] [32m[1mLinking C shared library libvslam__rosidl_generator_c.so[0m
[ 21%] Built target vslam__rosidl_generator_c
[ 29%] [34m[1mGenerating C type support for eProsima Fast-RTPS[0m
[ 29%] [34m[1mGenerating C type support dispatch for ROS interfaces[0m
[ 29%] [34m[1mGenerating C introspection for ROS interfaces[0m
[ 32%] [32mBuilding CXX object CMakeFiles/vslam__rosidl_typesupport_cpp.dir/rosidl_typesupport_cpp/vslam/msg/point_cloud_and_pose__type_support.cpp.o[0m
[ 35%] [32mBuilding CXX object CMakeFiles/vslam__rosidl_typesupport_introspection_cpp.dir/rosidl_typesupport_introspection_cpp/vslam/msg/detail/point_cloud_and_pose__type_support.cpp.o[0m
[ 37%] [32mBuilding CXX object CMakeFiles/vslam__rosidl_typesupport_fastrtps_cpp.dir/rosidl_typesupport_fastrtps_cpp/vslam/msg/detail/dds_fastrtps/point_cloud_and_pose__type_support.cpp.o[0m
[ 40%] [32mBuilding C object CMakeFiles/vslam__rosidl_typesupport_introspection_c.dir/rosidl_typesupport_introspection_c/vslam/msg/detail/point_cloud_and_pose__type_support.c.o[0m
[ 43%] [32mBuilding CXX object CMakeFiles/vslam__rosidl_typesupport_fastrtps_c.dir/rosidl_typesupport_fastrtps_c/vslam/msg/detail/point_cloud_and_pose__type_support_c.cpp.o[0m
[ 45%] [32m[1mLinking CXX shared library libvslam__rosidl_typesupport_cpp.so[0m
[ 48%] [32mBuilding CXX object CMakeFiles/vslam__rosidl_typesupport_c.dir/rosidl_typesupport_c/vslam/msg/point_cloud_and_pose__type_support.cpp.o[0m
[ 51%] [32m[1mLinking C shared library libvslam__rosidl_typesupport_introspection_c.so[0m
[ 51%] Built target vslam__rosidl_typesupport_cpp
[ 51%] Built target vslam__rosidl_typesupport_introspection_c
[ 54%] [32m[1mLinking CXX shared library libvslam__rosidl_typesupport_c.so[0m
[ 59%] [32mBuilding CXX object CMakeFiles/grid_mapper.dir/src/grid_mapper.cpp.o[0m
[ 59%] [32mBuilding CXX object CMakeFiles/system.dir/src/system_node.cpp.o[0m
[ 62%] [32m[1mLinking CXX shared library libvslam__rosidl_typesupport_introspection_cpp.so[0m
[ 62%] Built target vslam__rosidl_typesupport_c
[ 62%] Built target vslam__rosidl_typesupport_introspection_cpp
[ 64%] [32m[1mLinking CXX shared library libvslam__rosidl_typesupport_fastrtps_cpp.so[0m
[ 67%] [32m[1mLinking CXX shared library libvslam__rosidl_typesupport_fastrtps_c.so[0m
[ 67%] Built target vslam__rosidl_typesupport_fastrtps_cpp
[ 67%] Built target vslam__rosidl_typesupport_fastrtps_c
[ 67%] Built target vslam
[ 70%] [34m[1mGenerating Python code for ROS interfaces[0m
[ 70%] Built target vslam__py
[ 72%] [32mBuilding C object CMakeFiles/vslam__rosidl_generator_py.dir/rosidl_generator_py/vslam/msg/_point_cloud_and_pose_s.c.o[0m
[ 75%] [32m[1mLinking C shared library rosidl_generator_py/vslam/libvslam__rosidl_generator_py.so[0m
[ 75%] Built target vslam__rosidl_generator_py
[ 83%] [32mBuilding C object CMakeFiles/vslam__rosidl_typesupport_fastrtps_c__pyext.dir/rosidl_generator_py/vslam/_vslam_s.ep.rosidl_typesupport_fastrtps_c.c.o[0m
[ 83%] [32mBuilding C object CMakeFiles/vslam__rosidl_typesupport_introspection_c__pyext.dir/rosidl_generator_py/vslam/_vslam_s.ep.rosidl_typesupport_introspection_c.c.o[0m
[ 83%] [32mBuilding C object CMakeFiles/vslam__rosidl_typesupport_c__pyext.dir/rosidl_generator_py/vslam/_vslam_s.ep.rosidl_typesupport_c.c.o[0m
[ 89%] [32m[1mLinking C shared library rosidl_generator_py/vslam/vslam_s__rosidl_typesupport_c.cpython-310-aarch64-linux-gnu.so[0m
[ 89%] [32m[1mLinking C shared library rosidl_generator_py/vslam/vslam_s__rosidl_typesupport_fastrtps_c.cpython-310-aarch64-linux-gnu.so[0m
[ 91%] [32m[1mLinking C shared library rosidl_generator_py/vslam/vslam_s__rosidl_typesupport_introspection_c.cpython-310-aarch64-linux-gnu.so[0m
[ 91%] Built target vslam__rosidl_typesupport_fastrtps_c__pyext
[ 91%] Built target vslam__rosidl_typesupport_c__pyext
[ 91%] Built target vslam__rosidl_typesupport_introspection_c__pyext
[ 94%] [32m[1mLinking CXX executable video_reader[0m
[ 94%] Built target video_reader
[ 97%] [32m[1mLinking CXX executable grid_mapper[0m
[ 97%] Built target grid_mapper
[100%] [32m[1mLinking CXX executable system[0m
[100%] Built target system
