[0.100s] Invoking command in '/home/ubuntu/Documents/swarm/build/ros2_control_demo_description': CMAKE_PREFIX_PATH=${CMAKE_PREFIX_PATH}:/opt/ros/humble /usr/bin/cmake /home/ubuntu/Documents/swarm/ros/src/ros2_control_demo_description -DAMENT_CMAKE_SYMLINK_INSTALL=1 -DCMAKE_INSTALL_PREFIX=/home/ubuntu/Documents/swarm/install/ros2_control_demo_description
[0.146s] -- The C compiler identification is GNU 11.4.0
[0.215s] -- The CXX compiler identification is GNU 11.4.0
[0.221s] -- Detecting C compiler ABI info
[0.256s] -- Detecting C compiler ABI info - done
[0.260s] -- Check for working C compiler: /usr/bin/cc - skipped
[0.261s] -- Detecting C compile features
[0.261s] -- Detecting C compile features - done
[0.262s] -- Detecting CXX compiler ABI info
[0.305s] -- Detecting CXX compiler ABI info - done
[0.309s] -- Check for working CXX compiler: /usr/bin/c++ - skipped
[0.309s] -- Detecting CXX compile features
[0.309s] -- Detecting CXX compile features - done
[0.311s] -- Found ament_cmake: 1.3.6 (/opt/ros/humble/share/ament_cmake/cmake)
[0.424s] -- Found Python3: /usr/bin/python3.10 (found version "3.10.12") found components: Interpreter 
[0.454s] -- Override CMake install command with custom implementation using symlinks instead of copying resources
[0.519s] -- Configuring done
[0.520s] -- Generating done
[0.520s] -- Build files have been written to: /home/ubuntu/Documents/swarm/build/ros2_control_demo_description
[0.522s] Invoked command in '/home/ubuntu/Documents/swarm/build/ros2_control_demo_description' returned '0': CMAKE_PREFIX_PATH=${CMAKE_PREFIX_PATH}:/opt/ros/humble /usr/bin/cmake /home/ubuntu/Documents/swarm/ros/src/ros2_control_demo_description -DAMENT_CMAKE_SYMLINK_INSTALL=1 -DCMAKE_INSTALL_PREFIX=/home/ubuntu/Documents/swarm/install/ros2_control_demo_description
[0.523s] Invoking command in '/home/ubuntu/Documents/swarm/build/ros2_control_demo_description': CMAKE_PREFIX_PATH=${CMAKE_PREFIX_PATH}:/opt/ros/humble /usr/bin/cmake --build /home/ubuntu/Documents/swarm/build/ros2_control_demo_description -- -j8 -l8
[0.540s] Invoked command in '/home/ubuntu/Documents/swarm/build/ros2_control_demo_description' returned '0': CMAKE_PREFIX_PATH=${CMAKE_PREFIX_PATH}:/opt/ros/humble /usr/bin/cmake --build /home/ubuntu/Documents/swarm/build/ros2_control_demo_description -- -j8 -l8
[0.564s] Invoking command in '/home/ubuntu/Documents/swarm/build/ros2_control_demo_description': CMAKE_PREFIX_PATH=${CMAKE_PREFIX_PATH}:/opt/ros/humble /usr/bin/cmake --install /home/ubuntu/Documents/swarm/build/ros2_control_demo_description
[0.571s] -- Install configuration: ""
[0.571s] -- Execute custom install script
[0.572s] -- Symlinking: /home/ubuntu/Documents/swarm/install/ros2_control_demo_description/share/ros2_control_demo_description/rrbot/urdf/rrbot.materials.xacro
[0.575s] -- Symlinking: /home/ubuntu/Documents/swarm/install/ros2_control_demo_description/share/ros2_control_demo_description/rrbot/urdf/rrbot_description.urdf.xacro
[0.579s] -- Symlinking: /home/ubuntu/Documents/swarm/install/ros2_control_demo_description/share/ros2_control_demo_description/rrbot/rviz/rrbot.rviz
[0.582s] -- Symlinking: /home/ubuntu/Documents/swarm/install/ros2_control_demo_description/share/ros2_control_demo_description/diffbot/urdf/diffbot.materials.xacro
[0.589s] -- Symlinking: /home/ubuntu/Documents/swarm/install/ros2_control_demo_description/share/ros2_control_demo_description/diffbot/urdf/diffbot_description.urdf.xacro
[0.593s] -- Symlinking: /home/ubuntu/Documents/swarm/install/ros2_control_demo_description/share/ros2_control_demo_description/diffbot/rviz/diffbot.rviz
[0.596s] -- Symlinking: /home/ubuntu/Documents/swarm/install/ros2_control_demo_description/share/ros2_control_demo_description/diffbot/rviz/diffbot_view.rviz
[0.604s] -- Symlinking: /home/ubuntu/Documents/swarm/install/ros2_control_demo_description/share/ros2_control_demo_description/r6bot/meshes/collision/link_0.stl
[0.608s] -- Symlinking: /home/ubuntu/Documents/swarm/install/ros2_control_demo_description/share/ros2_control_demo_description/r6bot/meshes/collision/link_1.stl
[0.611s] -- Symlinking: /home/ubuntu/Documents/swarm/install/ros2_control_demo_description/share/ros2_control_demo_description/r6bot/meshes/collision/link_2.stl
[0.619s] -- Symlinking: /home/ubuntu/Documents/swarm/install/ros2_control_demo_description/share/ros2_control_demo_description/r6bot/meshes/collision/link_3.stl
[0.626s] -- Symlinking: /home/ubuntu/Documents/swarm/install/ros2_control_demo_description/share/ros2_control_demo_description/r6bot/meshes/collision/link_4.stl
[0.633s] -- Symlinking: /home/ubuntu/Documents/swarm/install/ros2_control_demo_description/share/ros2_control_demo_description/r6bot/meshes/collision/link_5.stl
[0.639s] -- Symlinking: /home/ubuntu/Documents/swarm/install/ros2_control_demo_description/share/ros2_control_demo_description/r6bot/meshes/collision/link_6.stl
[0.643s] -- Symlinking: /home/ubuntu/Documents/swarm/install/ros2_control_demo_description/share/ros2_control_demo_description/r6bot/meshes/visual/link_0.dae
[0.649s] -- Symlinking: /home/ubuntu/Documents/swarm/install/ros2_control_demo_description/share/ros2_control_demo_description/r6bot/meshes/visual/link_1.dae
[0.656s] -- Symlinking: /home/ubuntu/Documents/swarm/install/ros2_control_demo_description/share/ros2_control_demo_description/r6bot/meshes/visual/link_2.dae
[0.662s] -- Symlinking: /home/ubuntu/Documents/swarm/install/ros2_control_demo_description/share/ros2_control_demo_description/r6bot/meshes/visual/link_3.dae
[0.668s] -- Symlinking: /home/ubuntu/Documents/swarm/install/ros2_control_demo_description/share/ros2_control_demo_description/r6bot/meshes/visual/link_4.dae
[0.675s] -- Symlinking: /home/ubuntu/Documents/swarm/install/ros2_control_demo_description/share/ros2_control_demo_description/r6bot/meshes/visual/link_5.dae
[0.682s] -- Symlinking: /home/ubuntu/Documents/swarm/install/ros2_control_demo_description/share/ros2_control_demo_description/r6bot/meshes/visual/link_6.dae
[0.690s] -- Symlinking: /home/ubuntu/Documents/swarm/install/ros2_control_demo_description/share/ros2_control_demo_description/r6bot/srdf/r6bot.srdf
[0.693s] -- Symlinking: /home/ubuntu/Documents/swarm/install/ros2_control_demo_description/share/ros2_control_demo_description/r6bot/urdf/inc/create_link.xacro
[0.696s] -- Symlinking: /home/ubuntu/Documents/swarm/install/ros2_control_demo_description/share/ros2_control_demo_description/r6bot/urdf/r6bot_description.urdf.xacro
[0.700s] -- Symlinking: /home/ubuntu/Documents/swarm/install/ros2_control_demo_description/share/ros2_control_demo_description/r6bot/rviz/view_robot.rviz
[0.703s] -- Symlinking: /home/ubuntu/Documents/swarm/install/ros2_control_demo_description/share/ament_index/resource_index/package_run_dependencies/ros2_control_demo_description
[0.705s] -- Symlinking: /home/ubuntu/Documents/swarm/install/ros2_control_demo_description/share/ament_index/resource_index/parent_prefix_path/ros2_control_demo_description
[0.709s] -- Symlinking: /home/ubuntu/Documents/swarm/install/ros2_control_demo_description/share/ros2_control_demo_description/environment/ament_prefix_path.sh
[0.712s] -- Symlinking: /home/ubuntu/Documents/swarm/install/ros2_control_demo_description/share/ros2_control_demo_description/environment/ament_prefix_path.dsv
[0.720s] -- Symlinking: /home/ubuntu/Documents/swarm/install/ros2_control_demo_description/share/ros2_control_demo_description/environment/path.sh
[0.723s] -- Symlinking: /home/ubuntu/Documents/swarm/install/ros2_control_demo_description/share/ros2_control_demo_description/environment/path.dsv
[0.726s] -- Symlinking: /home/ubuntu/Documents/swarm/install/ros2_control_demo_description/share/ros2_control_demo_description/local_setup.bash
[0.729s] -- Symlinking: /home/ubuntu/Documents/swarm/install/ros2_control_demo_description/share/ros2_control_demo_description/local_setup.sh
[0.732s] -- Symlinking: /home/ubuntu/Documents/swarm/install/ros2_control_demo_description/share/ros2_control_demo_description/local_setup.zsh
[0.735s] -- Symlinking: /home/ubuntu/Documents/swarm/install/ros2_control_demo_description/share/ros2_control_demo_description/local_setup.dsv
[0.738s] -- Symlinking: /home/ubuntu/Documents/swarm/install/ros2_control_demo_description/share/ros2_control_demo_description/package.dsv
[0.745s] -- Symlinking: /home/ubuntu/Documents/swarm/install/ros2_control_demo_description/share/ament_index/resource_index/packages/ros2_control_demo_description
[0.751s] -- Symlinking: /home/ubuntu/Documents/swarm/install/ros2_control_demo_description/share/ros2_control_demo_description/cmake/ros2_control_demo_descriptionConfig.cmake
[0.754s] -- Symlinking: /home/ubuntu/Documents/swarm/install/ros2_control_demo_description/share/ros2_control_demo_description/cmake/ros2_control_demo_descriptionConfig-version.cmake
[0.756s] -- Symlinking: /home/ubuntu/Documents/swarm/install/ros2_control_demo_description/share/ros2_control_demo_description/package.xml
[0.761s] Invoked command in '/home/ubuntu/Documents/swarm/build/ros2_control_demo_description' returned '0': CMAKE_PREFIX_PATH=${CMAKE_PREFIX_PATH}:/opt/ros/humble /usr/bin/cmake --install /home/ubuntu/Documents/swarm/build/ros2_control_demo_description
