[0.455s] DEBUG:colcon:Command line arguments: ['/usr/bin/colcon', 'build']
[0.455s] DEBUG:colcon:Parsed command line arguments: Namespace(log_base=None, log_level=None, verb_name='build', build_base='build', install_base='install', merge_install=False, symlink_install=False, test_result_base=None, continue_on_error=False, executor='parallel', parallel_workers=8, event_handlers=None, ignore_user_meta=False, metas=['./colcon.meta'], base_paths=['.'], packages_ignore=None, packages_ignore_regex=None, paths=None, packages_up_to=None, packages_up_to_regex=None, packages_above=None, packages_above_and_dependencies=None, packages_above_depth=None, packages_select_by_dep=None, packages_skip_by_dep=None, packages_skip_up_to=None, packages_select_build_failed=False, packages_skip_build_finished=False, packages_select_test_failures=False, packages_skip_test_passed=False, packages_select=None, packages_skip=None, packages_select_regex=None, packages_skip_regex=None, packages_start=None, packages_end=None, allow_overriding=[], cmake_args=None, cmake_target=None, cmake_target_skip_unavailable=False, cmake_clean_cache=False, cmake_clean_first=False, cmake_force_configure=False, ament_cmake_args=None, catkin_cmake_args=None, catkin_skip_building_tests=False, verb_parser=<colcon_defaults.argument_parser.defaults.DefaultArgumentsDecorator object at 0xffff668ef0a0>, verb_extension=<colcon_core.verb.build.BuildVerb object at 0xffff66e4fa00>, main=<bound method BuildVerb.main of <colcon_core.verb.build.BuildVerb object at 0xffff66e4fa00>>)
[0.486s] Level 1:colcon.colcon_core.package_discovery:discover_packages(colcon_meta) check parameters
[0.486s] Level 1:colcon.colcon_core.package_discovery:discover_packages(recursive) check parameters
[0.486s] Level 1:colcon.colcon_core.package_discovery:discover_packages(ignore) check parameters
[0.486s] Level 1:colcon.colcon_core.package_discovery:discover_packages(path) check parameters
[0.486s] Level 1:colcon.colcon_core.package_discovery:discover_packages(colcon_meta) discover
[0.486s] Level 1:colcon.colcon_core.package_discovery:discover_packages(recursive) discover
[0.486s] INFO:colcon.colcon_core.package_discovery:Crawling recursively for packages in '/home/ubuntu/Documents/swarm'
[0.486s] Level 1:colcon.colcon_core.package_identification:_identify(.) by extensions ['ignore', 'ignore_ament_install']
[0.486s] Level 1:colcon.colcon_core.package_identification:_identify(.) by extension 'ignore'
[0.486s] Level 1:colcon.colcon_core.package_identification:_identify(.) by extension 'ignore_ament_install'
[0.486s] Level 1:colcon.colcon_core.package_identification:_identify(.) by extensions ['colcon_pkg']
[0.486s] Level 1:colcon.colcon_core.package_identification:_identify(.) by extension 'colcon_pkg'
[0.486s] Level 1:colcon.colcon_core.package_identification:_identify(.) by extensions ['colcon_meta']
[0.486s] Level 1:colcon.colcon_core.package_identification:_identify(.) by extension 'colcon_meta'
[0.486s] Level 1:colcon.colcon_core.package_identification:_identify(.) by extensions ['ros']
[0.486s] Level 1:colcon.colcon_core.package_identification:_identify(.) by extension 'ros'
[0.494s] Level 1:colcon.colcon_core.package_identification:_identify(.) by extensions ['cmake', 'python']
[0.494s] Level 1:colcon.colcon_core.package_identification:_identify(.) by extension 'cmake'
[0.494s] Level 1:colcon.colcon_core.package_identification:_identify(.) by extension 'python'
[0.494s] Level 1:colcon.colcon_core.package_identification:_identify(.) by extensions ['python_setup_py']
[0.494s] Level 1:colcon.colcon_core.package_identification:_identify(.) by extension 'python_setup_py'
[0.494s] Level 1:colcon.colcon_core.package_identification:_identify(Rasp) by extensions ['ignore', 'ignore_ament_install']
[0.494s] Level 1:colcon.colcon_core.package_identification:_identify(Rasp) by extension 'ignore'
[0.494s] Level 1:colcon.colcon_core.package_identification:_identify(Rasp) by extension 'ignore_ament_install'
[0.494s] Level 1:colcon.colcon_core.package_identification:_identify(Rasp) by extensions ['colcon_pkg']
[0.494s] Level 1:colcon.colcon_core.package_identification:_identify(Rasp) by extension 'colcon_pkg'
[0.495s] Level 1:colcon.colcon_core.package_identification:_identify(Rasp) by extensions ['colcon_meta']
[0.495s] Level 1:colcon.colcon_core.package_identification:_identify(Rasp) by extension 'colcon_meta'
[0.495s] Level 1:colcon.colcon_core.package_identification:_identify(Rasp) by extensions ['ros']
[0.495s] Level 1:colcon.colcon_core.package_identification:_identify(Rasp) by extension 'ros'
[0.495s] Level 1:colcon.colcon_core.package_identification:_identify(Rasp) by extensions ['cmake', 'python']
[0.495s] Level 1:colcon.colcon_core.package_identification:_identify(Rasp) by extension 'cmake'
[0.495s] Level 1:colcon.colcon_core.package_identification:_identify(Rasp) by extension 'python'
[0.495s] Level 1:colcon.colcon_core.package_identification:_identify(Rasp) by extensions ['python_setup_py']
[0.495s] Level 1:colcon.colcon_core.package_identification:_identify(Rasp) by extension 'python_setup_py'
[0.495s] Level 1:colcon.colcon_core.package_identification:_identify(Rasp/Code) by extensions ['ignore', 'ignore_ament_install']
[0.495s] Level 1:colcon.colcon_core.package_identification:_identify(Rasp/Code) by extension 'ignore'
[0.495s] Level 1:colcon.colcon_core.package_identification:_identify(Rasp/Code) by extension 'ignore_ament_install'
[0.495s] Level 1:colcon.colcon_core.package_identification:_identify(Rasp/Code) by extensions ['colcon_pkg']
[0.495s] Level 1:colcon.colcon_core.package_identification:_identify(Rasp/Code) by extension 'colcon_pkg'
[0.495s] Level 1:colcon.colcon_core.package_identification:_identify(Rasp/Code) by extensions ['colcon_meta']
[0.495s] Level 1:colcon.colcon_core.package_identification:_identify(Rasp/Code) by extension 'colcon_meta'
[0.495s] Level 1:colcon.colcon_core.package_identification:_identify(Rasp/Code) by extensions ['ros']
[0.495s] Level 1:colcon.colcon_core.package_identification:_identify(Rasp/Code) by extension 'ros'
[0.495s] Level 1:colcon.colcon_core.package_identification:_identify(Rasp/Code) by extensions ['cmake', 'python']
[0.495s] Level 1:colcon.colcon_core.package_identification:_identify(Rasp/Code) by extension 'cmake'
[0.495s] Level 1:colcon.colcon_core.package_identification:_identify(Rasp/Code) by extension 'python'
[0.495s] Level 1:colcon.colcon_core.package_identification:_identify(Rasp/Code) by extensions ['python_setup_py']
[0.495s] Level 1:colcon.colcon_core.package_identification:_identify(Rasp/Code) by extension 'python_setup_py'
[0.495s] Level 1:colcon.colcon_core.package_identification:_identify(Rasp/Code/Example_Code_4_motor_control_w_pi) by extensions ['ignore', 'ignore_ament_install']
[0.495s] Level 1:colcon.colcon_core.package_identification:_identify(Rasp/Code/Example_Code_4_motor_control_w_pi) by extension 'ignore'
[0.495s] Level 1:colcon.colcon_core.package_identification:_identify(Rasp/Code/Example_Code_4_motor_control_w_pi) by extension 'ignore_ament_install'
[0.495s] Level 1:colcon.colcon_core.package_identification:_identify(Rasp/Code/Example_Code_4_motor_control_w_pi) by extensions ['colcon_pkg']
[0.495s] Level 1:colcon.colcon_core.package_identification:_identify(Rasp/Code/Example_Code_4_motor_control_w_pi) by extension 'colcon_pkg'
[0.495s] Level 1:colcon.colcon_core.package_identification:_identify(Rasp/Code/Example_Code_4_motor_control_w_pi) by extensions ['colcon_meta']
[0.495s] Level 1:colcon.colcon_core.package_identification:_identify(Rasp/Code/Example_Code_4_motor_control_w_pi) by extension 'colcon_meta'
[0.495s] Level 1:colcon.colcon_core.package_identification:_identify(Rasp/Code/Example_Code_4_motor_control_w_pi) by extensions ['ros']
[0.495s] Level 1:colcon.colcon_core.package_identification:_identify(Rasp/Code/Example_Code_4_motor_control_w_pi) by extension 'ros'
[0.495s] Level 1:colcon.colcon_core.package_identification:_identify(Rasp/Code/Example_Code_4_motor_control_w_pi) by extensions ['cmake', 'python']
[0.495s] Level 1:colcon.colcon_core.package_identification:_identify(Rasp/Code/Example_Code_4_motor_control_w_pi) by extension 'cmake'
[0.495s] Level 1:colcon.colcon_core.package_identification:_identify(Rasp/Code/Example_Code_4_motor_control_w_pi) by extension 'python'
[0.495s] Level 1:colcon.colcon_core.package_identification:_identify(Rasp/Code/Example_Code_4_motor_control_w_pi) by extensions ['python_setup_py']
[0.495s] Level 1:colcon.colcon_core.package_identification:_identify(Rasp/Code/Example_Code_4_motor_control_w_pi) by extension 'python_setup_py'
[0.495s] Level 1:colcon.colcon_core.package_identification:_identify(Rasp/Images) by extensions ['ignore', 'ignore_ament_install']
[0.495s] Level 1:colcon.colcon_core.package_identification:_identify(Rasp/Images) by extension 'ignore'
[0.495s] Level 1:colcon.colcon_core.package_identification:_identify(Rasp/Images) by extension 'ignore_ament_install'
[0.495s] Level 1:colcon.colcon_core.package_identification:_identify(Rasp/Images) by extensions ['colcon_pkg']
[0.495s] Level 1:colcon.colcon_core.package_identification:_identify(Rasp/Images) by extension 'colcon_pkg'
[0.495s] Level 1:colcon.colcon_core.package_identification:_identify(Rasp/Images) by extensions ['colcon_meta']
[0.495s] Level 1:colcon.colcon_core.package_identification:_identify(Rasp/Images) by extension 'colcon_meta'
[0.495s] Level 1:colcon.colcon_core.package_identification:_identify(Rasp/Images) by extensions ['ros']
[0.495s] Level 1:colcon.colcon_core.package_identification:_identify(Rasp/Images) by extension 'ros'
[0.496s] Level 1:colcon.colcon_core.package_identification:_identify(Rasp/Images) by extensions ['cmake', 'python']
[0.496s] Level 1:colcon.colcon_core.package_identification:_identify(Rasp/Images) by extension 'cmake'
[0.496s] Level 1:colcon.colcon_core.package_identification:_identify(Rasp/Images) by extension 'python'
[0.496s] Level 1:colcon.colcon_core.package_identification:_identify(Rasp/Images) by extensions ['python_setup_py']
[0.496s] Level 1:colcon.colcon_core.package_identification:_identify(Rasp/Images) by extension 'python_setup_py'
[0.496s] Level 1:colcon.colcon_core.package_identification:_identify(Rasp/Images/IMG_Rasp_cir) by extensions ['ignore', 'ignore_ament_install']
[0.496s] Level 1:colcon.colcon_core.package_identification:_identify(Rasp/Images/IMG_Rasp_cir) by extension 'ignore'
[0.496s] Level 1:colcon.colcon_core.package_identification:_identify(Rasp/Images/IMG_Rasp_cir) by extension 'ignore_ament_install'
[0.496s] Level 1:colcon.colcon_core.package_identification:_identify(Rasp/Images/IMG_Rasp_cir) by extensions ['colcon_pkg']
[0.496s] Level 1:colcon.colcon_core.package_identification:_identify(Rasp/Images/IMG_Rasp_cir) by extension 'colcon_pkg'
[0.496s] Level 1:colcon.colcon_core.package_identification:_identify(Rasp/Images/IMG_Rasp_cir) by extensions ['colcon_meta']
[0.496s] Level 1:colcon.colcon_core.package_identification:_identify(Rasp/Images/IMG_Rasp_cir) by extension 'colcon_meta'
[0.496s] Level 1:colcon.colcon_core.package_identification:_identify(Rasp/Images/IMG_Rasp_cir) by extensions ['ros']
[0.496s] Level 1:colcon.colcon_core.package_identification:_identify(Rasp/Images/IMG_Rasp_cir) by extension 'ros'
[0.496s] Level 1:colcon.colcon_core.package_identification:_identify(Rasp/Images/IMG_Rasp_cir) by extensions ['cmake', 'python']
[0.496s] Level 1:colcon.colcon_core.package_identification:_identify(Rasp/Images/IMG_Rasp_cir) by extension 'cmake'
[0.496s] Level 1:colcon.colcon_core.package_identification:_identify(Rasp/Images/IMG_Rasp_cir) by extension 'python'
[0.496s] Level 1:colcon.colcon_core.package_identification:_identify(Rasp/Images/IMG_Rasp_cir) by extensions ['python_setup_py']
[0.496s] Level 1:colcon.colcon_core.package_identification:_identify(Rasp/Images/IMG_Rasp_cir) by extension 'python_setup_py'
[0.496s] Level 1:colcon.colcon_core.package_identification:_identify(build) by extensions ['ignore', 'ignore_ament_install']
[0.496s] Level 1:colcon.colcon_core.package_identification:_identify(build) by extension 'ignore'
[0.496s] Level 1:colcon.colcon_core.package_identification:_identify(build) ignored
[0.496s] Level 1:colcon.colcon_core.package_identification:_identify(install) by extensions ['ignore', 'ignore_ament_install']
[0.496s] Level 1:colcon.colcon_core.package_identification:_identify(install) by extension 'ignore'
[0.496s] Level 1:colcon.colcon_core.package_identification:_identify(install) ignored
[0.496s] Level 1:colcon.colcon_core.package_identification:_identify(log) by extensions ['ignore', 'ignore_ament_install']
[0.496s] Level 1:colcon.colcon_core.package_identification:_identify(log) by extension 'ignore'
[0.496s] Level 1:colcon.colcon_core.package_identification:_identify(log) ignored
[0.496s] Level 1:colcon.colcon_core.package_identification:_identify(ros) by extensions ['ignore', 'ignore_ament_install']
[0.496s] Level 1:colcon.colcon_core.package_identification:_identify(ros) by extension 'ignore'
[0.496s] Level 1:colcon.colcon_core.package_identification:_identify(ros) by extension 'ignore_ament_install'
[0.496s] Level 1:colcon.colcon_core.package_identification:_identify(ros) by extensions ['colcon_pkg']
[0.496s] Level 1:colcon.colcon_core.package_identification:_identify(ros) by extension 'colcon_pkg'
[0.496s] Level 1:colcon.colcon_core.package_identification:_identify(ros) by extensions ['colcon_meta']
[0.496s] Level 1:colcon.colcon_core.package_identification:_identify(ros) by extension 'colcon_meta'
[0.496s] Level 1:colcon.colcon_core.package_identification:_identify(ros) by extensions ['ros']
[0.496s] Level 1:colcon.colcon_core.package_identification:_identify(ros) by extension 'ros'
[0.496s] Level 1:colcon.colcon_core.package_identification:_identify(ros) by extensions ['cmake', 'python']
[0.496s] Level 1:colcon.colcon_core.package_identification:_identify(ros) by extension 'cmake'
[0.496s] Level 1:colcon.colcon_core.package_identification:_identify(ros) by extension 'python'
[0.496s] Level 1:colcon.colcon_core.package_identification:_identify(ros) by extensions ['python_setup_py']
[0.496s] Level 1:colcon.colcon_core.package_identification:_identify(ros) by extension 'python_setup_py'
[0.497s] Level 1:colcon.colcon_core.package_identification:_identify(ros/build) by extensions ['ignore', 'ignore_ament_install']
[0.497s] Level 1:colcon.colcon_core.package_identification:_identify(ros/build) by extension 'ignore'
[0.497s] Level 1:colcon.colcon_core.package_identification:_identify(ros/build) ignored
[0.497s] Level 1:colcon.colcon_core.package_identification:_identify(ros/install) by extensions ['ignore', 'ignore_ament_install']
[0.497s] Level 1:colcon.colcon_core.package_identification:_identify(ros/install) by extension 'ignore'
[0.497s] Level 1:colcon.colcon_core.package_identification:_identify(ros/install) ignored
[0.497s] Level 1:colcon.colcon_core.package_identification:_identify(ros/log) by extensions ['ignore', 'ignore_ament_install']
[0.497s] Level 1:colcon.colcon_core.package_identification:_identify(ros/log) by extension 'ignore'
[0.497s] Level 1:colcon.colcon_core.package_identification:_identify(ros/log) ignored
[0.497s] Level 1:colcon.colcon_core.package_identification:_identify(ros/src) by extensions ['ignore', 'ignore_ament_install']
[0.497s] Level 1:colcon.colcon_core.package_identification:_identify(ros/src) by extension 'ignore'
[0.497s] Level 1:colcon.colcon_core.package_identification:_identify(ros/src) by extension 'ignore_ament_install'
[0.497s] Level 1:colcon.colcon_core.package_identification:_identify(ros/src) by extensions ['colcon_pkg']
[0.497s] Level 1:colcon.colcon_core.package_identification:_identify(ros/src) by extension 'colcon_pkg'
[0.497s] Level 1:colcon.colcon_core.package_identification:_identify(ros/src) by extensions ['colcon_meta']
[0.497s] Level 1:colcon.colcon_core.package_identification:_identify(ros/src) by extension 'colcon_meta'
[0.497s] Level 1:colcon.colcon_core.package_identification:_identify(ros/src) by extensions ['ros']
[0.497s] Level 1:colcon.colcon_core.package_identification:_identify(ros/src) by extension 'ros'
[0.497s] Level 1:colcon.colcon_core.package_identification:_identify(ros/src) by extensions ['cmake', 'python']
[0.497s] Level 1:colcon.colcon_core.package_identification:_identify(ros/src) by extension 'cmake'
[0.497s] Level 1:colcon.colcon_core.package_identification:_identify(ros/src) by extension 'python'
[0.497s] Level 1:colcon.colcon_core.package_identification:_identify(ros/src) by extensions ['python_setup_py']
[0.497s] Level 1:colcon.colcon_core.package_identification:_identify(ros/src) by extension 'python_setup_py'
[0.497s] Level 1:colcon.colcon_core.package_identification:_identify(ros/src/build) by extensions ['ignore', 'ignore_ament_install']
[0.497s] Level 1:colcon.colcon_core.package_identification:_identify(ros/src/build) by extension 'ignore'
[0.497s] Level 1:colcon.colcon_core.package_identification:_identify(ros/src/build) ignored
[0.497s] Level 1:colcon.colcon_core.package_identification:_identify(ros/src/example_2) by extensions ['ignore', 'ignore_ament_install']
[0.497s] Level 1:colcon.colcon_core.package_identification:_identify(ros/src/example_2) by extension 'ignore'
[0.497s] Level 1:colcon.colcon_core.package_identification:_identify(ros/src/example_2) by extension 'ignore_ament_install'
[0.497s] Level 1:colcon.colcon_core.package_identification:_identify(ros/src/example_2) by extensions ['colcon_pkg']
[0.497s] Level 1:colcon.colcon_core.package_identification:_identify(ros/src/example_2) by extension 'colcon_pkg'
[0.497s] Level 1:colcon.colcon_core.package_identification:_identify(ros/src/example_2) by extensions ['colcon_meta']
[0.497s] Level 1:colcon.colcon_core.package_identification:_identify(ros/src/example_2) by extension 'colcon_meta'
[0.497s] Level 1:colcon.colcon_core.package_identification:_identify(ros/src/example_2) by extensions ['ros']
[0.497s] Level 1:colcon.colcon_core.package_identification:_identify(ros/src/example_2) by extension 'ros'
[0.499s] DEBUG:colcon.colcon_core.package_identification:Package 'ros/src/example_2' with type 'ros.ament_cmake' and name 'ros2_control_demo_example_2'
[0.499s] Level 1:colcon.colcon_core.package_identification:_identify(ros/src/install) by extensions ['ignore', 'ignore_ament_install']
[0.499s] Level 1:colcon.colcon_core.package_identification:_identify(ros/src/install) by extension 'ignore'
[0.500s] Level 1:colcon.colcon_core.package_identification:_identify(ros/src/install) ignored
[0.500s] Level 1:colcon.colcon_core.package_identification:_identify(ros/src/log) by extensions ['ignore', 'ignore_ament_install']
[0.500s] Level 1:colcon.colcon_core.package_identification:_identify(ros/src/log) by extension 'ignore'
[0.500s] Level 1:colcon.colcon_core.package_identification:_identify(ros/src/log) ignored
[0.500s] Level 1:colcon.colcon_core.package_identification:_identify(ros/src/ros2_control_demo_description) by extensions ['ignore', 'ignore_ament_install']
[0.500s] Level 1:colcon.colcon_core.package_identification:_identify(ros/src/ros2_control_demo_description) by extension 'ignore'
[0.500s] Level 1:colcon.colcon_core.package_identification:_identify(ros/src/ros2_control_demo_description) by extension 'ignore_ament_install'
[0.500s] Level 1:colcon.colcon_core.package_identification:_identify(ros/src/ros2_control_demo_description) by extensions ['colcon_pkg']
[0.500s] Level 1:colcon.colcon_core.package_identification:_identify(ros/src/ros2_control_demo_description) by extension 'colcon_pkg'
[0.500s] Level 1:colcon.colcon_core.package_identification:_identify(ros/src/ros2_control_demo_description) by extensions ['colcon_meta']
[0.500s] Level 1:colcon.colcon_core.package_identification:_identify(ros/src/ros2_control_demo_description) by extension 'colcon_meta'
[0.500s] Level 1:colcon.colcon_core.package_identification:_identify(ros/src/ros2_control_demo_description) by extensions ['ros']
[0.500s] Level 1:colcon.colcon_core.package_identification:_identify(ros/src/ros2_control_demo_description) by extension 'ros'
[0.500s] DEBUG:colcon.colcon_core.package_identification:Package 'ros/src/ros2_control_demo_description' with type 'ros.ament_cmake' and name 'ros2_control_demo_description'
[0.500s] Level 1:colcon.colcon_core.package_identification:_identify(ros/src/swarm_bot) by extensions ['ignore', 'ignore_ament_install']
[0.500s] Level 1:colcon.colcon_core.package_identification:_identify(ros/src/swarm_bot) by extension 'ignore'
[0.500s] Level 1:colcon.colcon_core.package_identification:_identify(ros/src/swarm_bot) by extension 'ignore_ament_install'
[0.500s] Level 1:colcon.colcon_core.package_identification:_identify(ros/src/swarm_bot) by extensions ['colcon_pkg']
[0.500s] Level 1:colcon.colcon_core.package_identification:_identify(ros/src/swarm_bot) by extension 'colcon_pkg'
[0.500s] Level 1:colcon.colcon_core.package_identification:_identify(ros/src/swarm_bot) by extensions ['colcon_meta']
[0.500s] Level 1:colcon.colcon_core.package_identification:_identify(ros/src/swarm_bot) by extension 'colcon_meta'
[0.500s] Level 1:colcon.colcon_core.package_identification:_identify(ros/src/swarm_bot) by extensions ['ros']
[0.501s] Level 1:colcon.colcon_core.package_identification:_identify(ros/src/swarm_bot) by extension 'ros'
[0.501s] DEBUG:colcon.colcon_core.package_identification:Package 'ros/src/swarm_bot' with type 'ros.ament_cmake' and name 'swarm_bot'
[0.501s] Level 1:colcon.colcon_core.package_identification:_identify(ros/src/vslam) by extensions ['ignore', 'ignore_ament_install']
[0.501s] Level 1:colcon.colcon_core.package_identification:_identify(ros/src/vslam) by extension 'ignore'
[0.501s] Level 1:colcon.colcon_core.package_identification:_identify(ros/src/vslam) by extension 'ignore_ament_install'
[0.501s] Level 1:colcon.colcon_core.package_identification:_identify(ros/src/vslam) by extensions ['colcon_pkg']
[0.501s] Level 1:colcon.colcon_core.package_identification:_identify(ros/src/vslam) by extension 'colcon_pkg'
[0.501s] Level 1:colcon.colcon_core.package_identification:_identify(ros/src/vslam) by extensions ['colcon_meta']
[0.501s] Level 1:colcon.colcon_core.package_identification:_identify(ros/src/vslam) by extension 'colcon_meta'
[0.501s] Level 1:colcon.colcon_core.package_identification:_identify(ros/src/vslam) by extensions ['ros']
[0.501s] Level 1:colcon.colcon_core.package_identification:_identify(ros/src/vslam) by extension 'ros'
[0.502s] DEBUG:colcon.colcon_core.package_identification:Package 'ros/src/vslam' with type 'ros.ament_cmake' and name 'vslam'
[0.502s] Level 1:colcon.colcon_core.package_discovery:discover_packages(recursive) using defaults
[0.502s] Level 1:colcon.colcon_core.package_discovery:discover_packages(ignore) discover
[0.502s] Level 1:colcon.colcon_core.package_discovery:discover_packages(ignore) using defaults
[0.502s] Level 1:colcon.colcon_core.package_discovery:discover_packages(path) discover
[0.502s] Level 1:colcon.colcon_core.package_discovery:discover_packages(path) using defaults
[0.544s] Level 1:colcon.colcon_core.package_discovery:discover_packages(prefix_path) check parameters
[0.545s] Level 1:colcon.colcon_core.package_discovery:discover_packages(prefix_path) discover
[0.556s] DEBUG:colcon.colcon_installed_package_information.package_discovery:Found 325 installed packages in /opt/ros/humble
[0.557s] Level 1:colcon.colcon_core.package_discovery:discover_packages(prefix_path) using defaults
[0.599s] Level 5:colcon.colcon_core.verb:set package 'ros2_control_demo_description' build argument 'cmake_args' from command line to 'None'
[0.599s] Level 5:colcon.colcon_core.verb:set package 'ros2_control_demo_description' build argument 'cmake_target' from command line to 'None'
[0.599s] Level 5:colcon.colcon_core.verb:set package 'ros2_control_demo_description' build argument 'cmake_target_skip_unavailable' from command line to 'False'
[0.599s] Level 5:colcon.colcon_core.verb:set package 'ros2_control_demo_description' build argument 'cmake_clean_cache' from command line to 'False'
[0.599s] Level 5:colcon.colcon_core.verb:set package 'ros2_control_demo_description' build argument 'cmake_clean_first' from command line to 'False'
[0.599s] Level 5:colcon.colcon_core.verb:set package 'ros2_control_demo_description' build argument 'cmake_force_configure' from command line to 'False'
[0.599s] Level 5:colcon.colcon_core.verb:set package 'ros2_control_demo_description' build argument 'ament_cmake_args' from command line to 'None'
[0.599s] Level 5:colcon.colcon_core.verb:set package 'ros2_control_demo_description' build argument 'catkin_cmake_args' from command line to 'None'
[0.599s] Level 5:colcon.colcon_core.verb:set package 'ros2_control_demo_description' build argument 'catkin_skip_building_tests' from command line to 'False'
[0.599s] DEBUG:colcon.colcon_core.verb:Building package 'ros2_control_demo_description' with the following arguments: {'ament_cmake_args': None, 'build_base': '/home/ubuntu/Documents/swarm/build/ros2_control_demo_description', 'catkin_cmake_args': None, 'catkin_skip_building_tests': False, 'cmake_args': None, 'cmake_clean_cache': False, 'cmake_clean_first': False, 'cmake_force_configure': False, 'cmake_target': None, 'cmake_target_skip_unavailable': False, 'install_base': '/home/ubuntu/Documents/swarm/install/ros2_control_demo_description', 'merge_install': False, 'path': '/home/ubuntu/Documents/swarm/ros/src/ros2_control_demo_description', 'symlink_install': False, 'test_result_base': None}
[0.604s] Level 5:colcon.colcon_core.verb:set package 'swarm_bot' build argument 'cmake_args' from command line to 'None'
[0.604s] Level 5:colcon.colcon_core.verb:set package 'swarm_bot' build argument 'cmake_target' from command line to 'None'
[0.604s] Level 5:colcon.colcon_core.verb:set package 'swarm_bot' build argument 'cmake_target_skip_unavailable' from command line to 'False'
[0.604s] Level 5:colcon.colcon_core.verb:set package 'swarm_bot' build argument 'cmake_clean_cache' from command line to 'False'
[0.604s] Level 5:colcon.colcon_core.verb:set package 'swarm_bot' build argument 'cmake_clean_first' from command line to 'False'
[0.604s] Level 5:colcon.colcon_core.verb:set package 'swarm_bot' build argument 'cmake_force_configure' from command line to 'False'
[0.604s] Level 5:colcon.colcon_core.verb:set package 'swarm_bot' build argument 'ament_cmake_args' from command line to 'None'
[0.604s] Level 5:colcon.colcon_core.verb:set package 'swarm_bot' build argument 'catkin_cmake_args' from command line to 'None'
[0.604s] Level 5:colcon.colcon_core.verb:set package 'swarm_bot' build argument 'catkin_skip_building_tests' from command line to 'False'
[0.604s] DEBUG:colcon.colcon_core.verb:Building package 'swarm_bot' with the following arguments: {'ament_cmake_args': None, 'build_base': '/home/ubuntu/Documents/swarm/build/swarm_bot', 'catkin_cmake_args': None, 'catkin_skip_building_tests': False, 'cmake_args': None, 'cmake_clean_cache': False, 'cmake_clean_first': False, 'cmake_force_configure': False, 'cmake_target': None, 'cmake_target_skip_unavailable': False, 'install_base': '/home/ubuntu/Documents/swarm/install/swarm_bot', 'merge_install': False, 'path': '/home/ubuntu/Documents/swarm/ros/src/swarm_bot', 'symlink_install': False, 'test_result_base': None}
[0.608s] Level 5:colcon.colcon_core.verb:set package 'vslam' build argument 'cmake_args' from command line to 'None'
[0.608s] Level 5:colcon.colcon_core.verb:set package 'vslam' build argument 'cmake_target' from command line to 'None'
[0.608s] Level 5:colcon.colcon_core.verb:set package 'vslam' build argument 'cmake_target_skip_unavailable' from command line to 'False'
[0.608s] Level 5:colcon.colcon_core.verb:set package 'vslam' build argument 'cmake_clean_cache' from command line to 'False'
[0.608s] Level 5:colcon.colcon_core.verb:set package 'vslam' build argument 'cmake_clean_first' from command line to 'False'
[0.608s] Level 5:colcon.colcon_core.verb:set package 'vslam' build argument 'cmake_force_configure' from command line to 'False'
[0.608s] Level 5:colcon.colcon_core.verb:set package 'vslam' build argument 'ament_cmake_args' from command line to 'None'
[0.608s] Level 5:colcon.colcon_core.verb:set package 'vslam' build argument 'catkin_cmake_args' from command line to 'None'
[0.608s] Level 5:colcon.colcon_core.verb:set package 'vslam' build argument 'catkin_skip_building_tests' from command line to 'False'
[0.608s] DEBUG:colcon.colcon_core.verb:Building package 'vslam' with the following arguments: {'ament_cmake_args': None, 'build_base': '/home/ubuntu/Documents/swarm/build/vslam', 'catkin_cmake_args': None, 'catkin_skip_building_tests': False, 'cmake_args': None, 'cmake_clean_cache': False, 'cmake_clean_first': False, 'cmake_force_configure': False, 'cmake_target': None, 'cmake_target_skip_unavailable': False, 'install_base': '/home/ubuntu/Documents/swarm/install/vslam', 'merge_install': False, 'path': '/home/ubuntu/Documents/swarm/ros/src/vslam', 'symlink_install': False, 'test_result_base': None}
[0.613s] Level 5:colcon.colcon_core.verb:set package 'ros2_control_demo_example_2' build argument 'cmake_args' from command line to 'None'
[0.613s] Level 5:colcon.colcon_core.verb:set package 'ros2_control_demo_example_2' build argument 'cmake_target' from command line to 'None'
[0.613s] Level 5:colcon.colcon_core.verb:set package 'ros2_control_demo_example_2' build argument 'cmake_target_skip_unavailable' from command line to 'False'
[0.613s] Level 5:colcon.colcon_core.verb:set package 'ros2_control_demo_example_2' build argument 'cmake_clean_cache' from command line to 'False'
[0.613s] Level 5:colcon.colcon_core.verb:set package 'ros2_control_demo_example_2' build argument 'cmake_clean_first' from command line to 'False'
[0.613s] Level 5:colcon.colcon_core.verb:set package 'ros2_control_demo_example_2' build argument 'cmake_force_configure' from command line to 'False'
[0.613s] Level 5:colcon.colcon_core.verb:set package 'ros2_control_demo_example_2' build argument 'ament_cmake_args' from command line to 'None'
[0.613s] Level 5:colcon.colcon_core.verb:set package 'ros2_control_demo_example_2' build argument 'catkin_cmake_args' from command line to 'None'
[0.613s] Level 5:colcon.colcon_core.verb:set package 'ros2_control_demo_example_2' build argument 'catkin_skip_building_tests' from command line to 'False'
[0.613s] DEBUG:colcon.colcon_core.verb:Building package 'ros2_control_demo_example_2' with the following arguments: {'ament_cmake_args': None, 'build_base': '/home/ubuntu/Documents/swarm/build/ros2_control_demo_example_2', 'catkin_cmake_args': None, 'catkin_skip_building_tests': False, 'cmake_args': None, 'cmake_clean_cache': False, 'cmake_clean_first': False, 'cmake_force_configure': False, 'cmake_target': None, 'cmake_target_skip_unavailable': False, 'install_base': '/home/ubuntu/Documents/swarm/install/ros2_control_demo_example_2', 'merge_install': False, 'path': '/home/ubuntu/Documents/swarm/ros/src/example_2', 'symlink_install': False, 'test_result_base': None}
[0.617s] INFO:colcon.colcon_core.executor:Executing jobs using 'parallel' executor
[0.622s] DEBUG:colcon.colcon_parallel_executor.executor.parallel:run_until_complete
[0.622s] INFO:colcon.colcon_ros.task.ament_cmake.build:Building ROS package in '/home/ubuntu/Documents/swarm/ros/src/ros2_control_demo_description' with build type 'ament_cmake'
[0.623s] INFO:colcon.colcon_cmake.task.cmake.build:Building CMake package in '/home/ubuntu/Documents/swarm/ros/src/ros2_control_demo_description'
[0.631s] INFO:colcon.colcon_core.plugin_system:Skipping extension 'colcon_core.shell.bat': Not used on non-Windows systems
[0.631s] INFO:colcon.colcon_core.shell:Skip shell extension 'powershell' for command environment: Not usable outside of PowerShell
[0.631s] DEBUG:colcon.colcon_core.shell:Skip shell extension 'dsv' for command environment
[0.643s] INFO:colcon.colcon_ros.task.ament_cmake.build:Building ROS package in '/home/ubuntu/Documents/swarm/ros/src/swarm_bot' with build type 'ament_cmake'
[0.643s] INFO:colcon.colcon_cmake.task.cmake.build:Building CMake package in '/home/ubuntu/Documents/swarm/ros/src/swarm_bot'
[0.648s] INFO:colcon.colcon_core.shell:Skip shell extension 'powershell' for command environment: Not usable outside of PowerShell
[0.648s] DEBUG:colcon.colcon_core.shell:Skip shell extension 'dsv' for command environment
[0.658s] INFO:colcon.colcon_ros.task.ament_cmake.build:Building ROS package in '/home/ubuntu/Documents/swarm/ros/src/vslam' with build type 'ament_cmake'
[0.658s] INFO:colcon.colcon_cmake.task.cmake.build:Building CMake package in '/home/ubuntu/Documents/swarm/ros/src/vslam'
[0.663s] INFO:colcon.colcon_core.shell:Skip shell extension 'powershell' for command environment: Not usable outside of PowerShell
[0.663s] DEBUG:colcon.colcon_core.shell:Skip shell extension 'dsv' for command environment
[0.678s] DEBUG:colcon.colcon_core.event_handler.log_command:Invoking command in '/home/ubuntu/Documents/swarm/build/ros2_control_demo_description': CMAKE_PREFIX_PATH=/opt/ros/humble /usr/bin/cmake /home/ubuntu/Documents/swarm/ros/src/ros2_control_demo_description -DCMAKE_INSTALL_PREFIX=/home/ubuntu/Documents/swarm/install/ros2_control_demo_description
[0.680s] DEBUG:colcon.colcon_core.event_handler.log_command:Invoking command in '/home/ubuntu/Documents/swarm/build/swarm_bot': CMAKE_PREFIX_PATH=/opt/ros/humble /usr/bin/cmake /home/ubuntu/Documents/swarm/ros/src/swarm_bot -DCMAKE_INSTALL_PREFIX=/home/ubuntu/Documents/swarm/install/swarm_bot
[0.682s] DEBUG:colcon.colcon_core.event_handler.log_command:Invoking command in '/home/ubuntu/Documents/swarm/build/vslam': CMAKE_PREFIX_PATH=/opt/ros/humble /usr/bin/cmake /home/ubuntu/Documents/swarm/ros/src/vslam -DCMAKE_INSTALL_PREFIX=/home/ubuntu/Documents/swarm/install/vslam
[1.123s] DEBUG:colcon.colcon_core.event_handler.log_command:Invoked command in '/home/ubuntu/Documents/swarm/build/ros2_control_demo_description' returned '0': CMAKE_PREFIX_PATH=/opt/ros/humble /usr/bin/cmake /home/ubuntu/Documents/swarm/ros/src/ros2_control_demo_description -DCMAKE_INSTALL_PREFIX=/home/ubuntu/Documents/swarm/install/ros2_control_demo_description
[1.123s] DEBUG:colcon.colcon_core.event_handler.log_command:Invoking command in '/home/ubuntu/Documents/swarm/build/ros2_control_demo_description': CMAKE_PREFIX_PATH=/opt/ros/humble /usr/bin/cmake --build /home/ubuntu/Documents/swarm/build/ros2_control_demo_description -- -j8 -l8
[1.149s] DEBUG:colcon.colcon_core.event_handler.log_command:Invoked command in '/home/ubuntu/Documents/swarm/build/ros2_control_demo_description' returned '0': CMAKE_PREFIX_PATH=/opt/ros/humble /usr/bin/cmake --build /home/ubuntu/Documents/swarm/build/ros2_control_demo_description -- -j8 -l8
[1.151s] DEBUG:colcon.colcon_core.event_handler.log_command:Invoked command in '/home/ubuntu/Documents/swarm/build/swarm_bot' returned '0': CMAKE_PREFIX_PATH=/opt/ros/humble /usr/bin/cmake /home/ubuntu/Documents/swarm/ros/src/swarm_bot -DCMAKE_INSTALL_PREFIX=/home/ubuntu/Documents/swarm/install/swarm_bot
[1.152s] DEBUG:colcon.colcon_core.event_handler.log_command:Invoking command in '/home/ubuntu/Documents/swarm/build/swarm_bot': CMAKE_PREFIX_PATH=/opt/ros/humble /usr/bin/cmake --build /home/ubuntu/Documents/swarm/build/swarm_bot -- -j8 -l8
[1.168s] DEBUG:colcon.colcon_core.event_handler.log_command:Invoking command in '/home/ubuntu/Documents/swarm/build/ros2_control_demo_description': CMAKE_PREFIX_PATH=/opt/ros/humble /usr/bin/cmake --install /home/ubuntu/Documents/swarm/build/ros2_control_demo_description
[1.182s] DEBUG:colcon.colcon_core.event_handler.log_command:Invoked command in '/home/ubuntu/Documents/swarm/build/swarm_bot' returned '0': CMAKE_PREFIX_PATH=/opt/ros/humble /usr/bin/cmake --build /home/ubuntu/Documents/swarm/build/swarm_bot -- -j8 -l8
[1.183s] Level 1:colcon.colcon_core.environment:create_environment_scripts_only(ros2_control_demo_description)
[1.183s] DEBUG:colcon.colcon_core.event_handler.log_command:Invoked command in '/home/ubuntu/Documents/swarm/build/ros2_control_demo_description' returned '0': CMAKE_PREFIX_PATH=/opt/ros/humble /usr/bin/cmake --install /home/ubuntu/Documents/swarm/build/ros2_control_demo_description
[1.197s] Level 1:colcon.colcon_core.environment:checking '/home/ubuntu/Documents/swarm/install/ros2_control_demo_description' for CMake module files
[1.198s] Level 1:colcon.colcon_core.environment:checking '/home/ubuntu/Documents/swarm/install/ros2_control_demo_description' for CMake config files
[1.198s] Level 1:colcon.colcon_core.shell:create_environment_hook('ros2_control_demo_description', 'cmake_prefix_path')
[1.203s] INFO:colcon.colcon_core.shell:Creating environment hook '/home/ubuntu/Documents/swarm/install/ros2_control_demo_description/share/ros2_control_demo_description/hook/cmake_prefix_path.ps1'
[1.203s] INFO:colcon.colcon_core.shell:Creating environment descriptor '/home/ubuntu/Documents/swarm/install/ros2_control_demo_description/share/ros2_control_demo_description/hook/cmake_prefix_path.dsv'
[1.204s] INFO:colcon.colcon_core.shell:Creating environment hook '/home/ubuntu/Documents/swarm/install/ros2_control_demo_description/share/ros2_control_demo_description/hook/cmake_prefix_path.sh'
[1.204s] Level 1:colcon.colcon_core.environment:checking '/home/ubuntu/Documents/swarm/install/ros2_control_demo_description/bin'
[1.204s] Level 1:colcon.colcon_core.environment:checking '/home/ubuntu/Documents/swarm/install/ros2_control_demo_description/lib/pkgconfig/ros2_control_demo_description.pc'
[1.204s] Level 1:colcon.colcon_core.environment:checking '/home/ubuntu/Documents/swarm/install/ros2_control_demo_description/lib/python3.10/site-packages'
[1.204s] Level 1:colcon.colcon_core.environment:checking '/home/ubuntu/Documents/swarm/install/ros2_control_demo_description/bin'
[1.209s] INFO:colcon.colcon_core.shell:Creating package script '/home/ubuntu/Documents/swarm/install/ros2_control_demo_description/share/ros2_control_demo_description/package.ps1'
[1.210s] INFO:colcon.colcon_core.shell:Creating package descriptor '/home/ubuntu/Documents/swarm/install/ros2_control_demo_description/share/ros2_control_demo_description/package.dsv'
[1.210s] INFO:colcon.colcon_core.shell:Creating package script '/home/ubuntu/Documents/swarm/install/ros2_control_demo_description/share/ros2_control_demo_description/package.sh'
[1.210s] INFO:colcon.colcon_core.shell:Creating package script '/home/ubuntu/Documents/swarm/install/ros2_control_demo_description/share/ros2_control_demo_description/package.bash'
[1.211s] INFO:colcon.colcon_core.shell:Creating package script '/home/ubuntu/Documents/swarm/install/ros2_control_demo_description/share/ros2_control_demo_description/package.zsh'
[1.211s] Level 1:colcon.colcon_core.environment:create_file_with_runtime_dependencies(/home/ubuntu/Documents/swarm/install/ros2_control_demo_description/share/colcon-core/packages/ros2_control_demo_description)
[1.213s] DEBUG:colcon.colcon_core.event_handler.log_command:Invoking command in '/home/ubuntu/Documents/swarm/build/swarm_bot': CMAKE_PREFIX_PATH=/opt/ros/humble /usr/bin/cmake --install /home/ubuntu/Documents/swarm/build/swarm_bot
[1.228s] Level 1:colcon.colcon_core.environment:create_environment_scripts_only(swarm_bot)
[1.228s] DEBUG:colcon.colcon_core.event_handler.log_command:Invoked command in '/home/ubuntu/Documents/swarm/build/swarm_bot' returned '0': CMAKE_PREFIX_PATH=/opt/ros/humble /usr/bin/cmake --install /home/ubuntu/Documents/swarm/build/swarm_bot
[1.233s] Level 1:colcon.colcon_core.environment:checking '/home/ubuntu/Documents/swarm/install/swarm_bot' for CMake module files
[1.233s] Level 1:colcon.colcon_core.environment:checking '/home/ubuntu/Documents/swarm/install/swarm_bot' for CMake config files
[1.233s] Level 1:colcon.colcon_core.shell:create_environment_hook('swarm_bot', 'cmake_prefix_path')
[1.238s] INFO:colcon.colcon_core.shell:Creating environment hook '/home/ubuntu/Documents/swarm/install/swarm_bot/share/swarm_bot/hook/cmake_prefix_path.ps1'
[1.238s] INFO:colcon.colcon_core.shell:Creating environment descriptor '/home/ubuntu/Documents/swarm/install/swarm_bot/share/swarm_bot/hook/cmake_prefix_path.dsv'
[1.238s] INFO:colcon.colcon_core.shell:Creating environment hook '/home/ubuntu/Documents/swarm/install/swarm_bot/share/swarm_bot/hook/cmake_prefix_path.sh'
[1.238s] Level 1:colcon.colcon_core.environment:checking '/home/ubuntu/Documents/swarm/install/swarm_bot/bin'
[1.238s] Level 1:colcon.colcon_core.environment:checking '/home/ubuntu/Documents/swarm/install/swarm_bot/lib/pkgconfig/swarm_bot.pc'
[1.238s] Level 1:colcon.colcon_core.environment:checking '/home/ubuntu/Documents/swarm/install/swarm_bot/lib/python3.10/site-packages'
[1.239s] Level 1:colcon.colcon_core.environment:checking '/home/ubuntu/Documents/swarm/install/swarm_bot/bin'
[1.243s] INFO:colcon.colcon_core.shell:Creating package script '/home/ubuntu/Documents/swarm/install/swarm_bot/share/swarm_bot/package.ps1'
[1.243s] INFO:colcon.colcon_core.shell:Creating package descriptor '/home/ubuntu/Documents/swarm/install/swarm_bot/share/swarm_bot/package.dsv'
[1.244s] INFO:colcon.colcon_core.shell:Creating package script '/home/ubuntu/Documents/swarm/install/swarm_bot/share/swarm_bot/package.sh'
[1.244s] INFO:colcon.colcon_core.shell:Creating package script '/home/ubuntu/Documents/swarm/install/swarm_bot/share/swarm_bot/package.bash'
[1.244s] INFO:colcon.colcon_core.shell:Creating package script '/home/ubuntu/Documents/swarm/install/swarm_bot/share/swarm_bot/package.zsh'
[1.244s] Level 1:colcon.colcon_core.environment:create_file_with_runtime_dependencies(/home/ubuntu/Documents/swarm/install/swarm_bot/share/colcon-core/packages/swarm_bot)
[1.249s] Level 1:colcon.colcon_core.environment:create_environment_scripts_only(ros2_control_demo_description)
[1.254s] Level 1:colcon.colcon_core.environment:checking '/home/ubuntu/Documents/swarm/install/ros2_control_demo_description' for CMake module files
[1.254s] Level 1:colcon.colcon_core.environment:checking '/home/ubuntu/Documents/swarm/install/ros2_control_demo_description' for CMake config files
[1.254s] Level 1:colcon.colcon_core.shell:create_environment_hook('ros2_control_demo_description', 'cmake_prefix_path')
[1.259s] INFO:colcon.colcon_core.shell:Creating environment hook '/home/ubuntu/Documents/swarm/install/ros2_control_demo_description/share/ros2_control_demo_description/hook/cmake_prefix_path.ps1'
[1.259s] INFO:colcon.colcon_core.shell:Creating environment descriptor '/home/ubuntu/Documents/swarm/install/ros2_control_demo_description/share/ros2_control_demo_description/hook/cmake_prefix_path.dsv'
[1.259s] INFO:colcon.colcon_core.shell:Creating environment hook '/home/ubuntu/Documents/swarm/install/ros2_control_demo_description/share/ros2_control_demo_description/hook/cmake_prefix_path.sh'
[1.259s] Level 1:colcon.colcon_core.environment:checking '/home/ubuntu/Documents/swarm/install/ros2_control_demo_description/bin'
[1.259s] Level 1:colcon.colcon_core.environment:checking '/home/ubuntu/Documents/swarm/install/ros2_control_demo_description/lib/pkgconfig/ros2_control_demo_description.pc'
[1.260s] Level 1:colcon.colcon_core.environment:checking '/home/ubuntu/Documents/swarm/install/ros2_control_demo_description/lib/python3.10/site-packages'
[1.260s] Level 1:colcon.colcon_core.environment:checking '/home/ubuntu/Documents/swarm/install/ros2_control_demo_description/bin'
[1.264s] INFO:colcon.colcon_core.shell:Creating package script '/home/ubuntu/Documents/swarm/install/ros2_control_demo_description/share/ros2_control_demo_description/package.ps1'
[1.264s] INFO:colcon.colcon_core.shell:Creating package descriptor '/home/ubuntu/Documents/swarm/install/ros2_control_demo_description/share/ros2_control_demo_description/package.dsv'
[1.265s] INFO:colcon.colcon_core.shell:Creating package script '/home/ubuntu/Documents/swarm/install/ros2_control_demo_description/share/ros2_control_demo_description/package.sh'
[1.265s] INFO:colcon.colcon_core.shell:Creating package script '/home/ubuntu/Documents/swarm/install/ros2_control_demo_description/share/ros2_control_demo_description/package.bash'
[1.265s] INFO:colcon.colcon_core.shell:Creating package script '/home/ubuntu/Documents/swarm/install/ros2_control_demo_description/share/ros2_control_demo_description/package.zsh'
[1.265s] Level 1:colcon.colcon_core.environment:create_file_with_runtime_dependencies(/home/ubuntu/Documents/swarm/install/ros2_control_demo_description/share/colcon-core/packages/ros2_control_demo_description)
[1.265s] INFO:colcon.colcon_ros.task.ament_cmake.build:Building ROS package in '/home/ubuntu/Documents/swarm/ros/src/example_2' with build type 'ament_cmake'
[1.265s] INFO:colcon.colcon_cmake.task.cmake.build:Building CMake package in '/home/ubuntu/Documents/swarm/ros/src/example_2'
[1.270s] INFO:colcon.colcon_core.shell:Skip shell extension 'powershell' for command environment: Not usable outside of PowerShell
[1.270s] DEBUG:colcon.colcon_core.shell:Skip shell extension 'dsv' for command environment
[1.285s] Level 1:colcon.colcon_core.environment:create_environment_scripts_only(swarm_bot)
[1.289s] Level 1:colcon.colcon_core.environment:checking '/home/ubuntu/Documents/swarm/install/swarm_bot' for CMake module files
[1.290s] Level 1:colcon.colcon_core.environment:checking '/home/ubuntu/Documents/swarm/install/swarm_bot' for CMake config files
[1.290s] Level 1:colcon.colcon_core.shell:create_environment_hook('swarm_bot', 'cmake_prefix_path')
[1.294s] INFO:colcon.colcon_core.shell:Creating environment hook '/home/ubuntu/Documents/swarm/install/swarm_bot/share/swarm_bot/hook/cmake_prefix_path.ps1'
[1.294s] INFO:colcon.colcon_core.shell:Creating environment descriptor '/home/ubuntu/Documents/swarm/install/swarm_bot/share/swarm_bot/hook/cmake_prefix_path.dsv'
[1.294s] INFO:colcon.colcon_core.shell:Creating environment hook '/home/ubuntu/Documents/swarm/install/swarm_bot/share/swarm_bot/hook/cmake_prefix_path.sh'
[1.295s] Level 1:colcon.colcon_core.environment:checking '/home/ubuntu/Documents/swarm/install/swarm_bot/bin'
[1.295s] Level 1:colcon.colcon_core.environment:checking '/home/ubuntu/Documents/swarm/install/swarm_bot/lib/pkgconfig/swarm_bot.pc'
[1.295s] Level 1:colcon.colcon_core.environment:checking '/home/ubuntu/Documents/swarm/install/swarm_bot/lib/python3.10/site-packages'
[1.295s] Level 1:colcon.colcon_core.environment:checking '/home/ubuntu/Documents/swarm/install/swarm_bot/bin'
[1.299s] INFO:colcon.colcon_core.shell:Creating package script '/home/ubuntu/Documents/swarm/install/swarm_bot/share/swarm_bot/package.ps1'
[1.299s] INFO:colcon.colcon_core.shell:Creating package descriptor '/home/ubuntu/Documents/swarm/install/swarm_bot/share/swarm_bot/package.dsv'
[1.300s] INFO:colcon.colcon_core.shell:Creating package script '/home/ubuntu/Documents/swarm/install/swarm_bot/share/swarm_bot/package.sh'
[1.300s] INFO:colcon.colcon_core.shell:Creating package script '/home/ubuntu/Documents/swarm/install/swarm_bot/share/swarm_bot/package.bash'
[1.300s] INFO:colcon.colcon_core.shell:Creating package script '/home/ubuntu/Documents/swarm/install/swarm_bot/share/swarm_bot/package.zsh'
[1.300s] Level 1:colcon.colcon_core.environment:create_file_with_runtime_dependencies(/home/ubuntu/Documents/swarm/install/swarm_bot/share/colcon-core/packages/swarm_bot)
[1.301s] DEBUG:colcon.colcon_core.event_handler.log_command:Invoking command in '/home/ubuntu/Documents/swarm/build/ros2_control_demo_example_2': AMENT_PREFIX_PATH=/home/ubuntu/Documents/swarm/install/ros2_control_demo_description:${AMENT_PREFIX_PATH} CMAKE_PREFIX_PATH=/home/ubuntu/Documents/swarm/install/ros2_control_demo_description:/opt/ros/humble /usr/bin/cmake /home/ubuntu/Documents/swarm/ros/src/example_2 -DCMAKE_INSTALL_PREFIX=/home/ubuntu/Documents/swarm/install/ros2_control_demo_example_2
[2.525s] DEBUG:colcon.colcon_core.event_handler.log_command:Invoked command in '/home/ubuntu/Documents/swarm/build/vslam' returned '0': CMAKE_PREFIX_PATH=/opt/ros/humble /usr/bin/cmake /home/ubuntu/Documents/swarm/ros/src/vslam -DCMAKE_INSTALL_PREFIX=/home/ubuntu/Documents/swarm/install/vslam
[2.526s] DEBUG:colcon.colcon_core.event_handler.log_command:Invoking command in '/home/ubuntu/Documents/swarm/build/vslam': CMAKE_PREFIX_PATH=/opt/ros/humble /usr/bin/cmake --build /home/ubuntu/Documents/swarm/build/vslam -- -j8 -l8
[2.766s] DEBUG:colcon.colcon_core.event_handler.log_command:Invoked command in '/home/ubuntu/Documents/swarm/build/ros2_control_demo_example_2' returned '0': AMENT_PREFIX_PATH=/home/ubuntu/Documents/swarm/install/ros2_control_demo_description:${AMENT_PREFIX_PATH} CMAKE_PREFIX_PATH=/home/ubuntu/Documents/swarm/install/ros2_control_demo_description:/opt/ros/humble /usr/bin/cmake /home/ubuntu/Documents/swarm/ros/src/example_2 -DCMAKE_INSTALL_PREFIX=/home/ubuntu/Documents/swarm/install/ros2_control_demo_example_2
[2.767s] DEBUG:colcon.colcon_core.event_handler.log_command:Invoking command in '/home/ubuntu/Documents/swarm/build/ros2_control_demo_example_2': AMENT_PREFIX_PATH=/home/ubuntu/Documents/swarm/install/ros2_control_demo_description:${AMENT_PREFIX_PATH} CMAKE_PREFIX_PATH=/home/ubuntu/Documents/swarm/install/ros2_control_demo_description:/opt/ros/humble /usr/bin/cmake --build /home/ubuntu/Documents/swarm/build/ros2_control_demo_example_2 -- -j8 -l8
[4.249s] DEBUG:colcon.colcon_core.event_handler.log_command:Invoked command in '/home/ubuntu/Documents/swarm/build/ros2_control_demo_example_2' returned '2': AMENT_PREFIX_PATH=/home/ubuntu/Documents/swarm/install/ros2_control_demo_description:${AMENT_PREFIX_PATH} CMAKE_PREFIX_PATH=/home/ubuntu/Documents/swarm/install/ros2_control_demo_description:/opt/ros/humble /usr/bin/cmake --build /home/ubuntu/Documents/swarm/build/ros2_control_demo_example_2 -- -j8 -l8
[4.285s] Level 1:colcon.colcon_core.environment:create_environment_scripts_only(ros2_control_demo_example_2)
[4.297s] Level 1:colcon.colcon_core.environment:checking '/home/ubuntu/Documents/swarm/install/ros2_control_demo_example_2' for CMake module files
[4.298s] Level 1:colcon.colcon_core.environment:checking '/home/ubuntu/Documents/swarm/install/ros2_control_demo_example_2' for CMake config files
[4.298s] Level 1:colcon.colcon_core.environment:checking '/home/ubuntu/Documents/swarm/install/ros2_control_demo_example_2/bin'
[4.298s] Level 1:colcon.colcon_core.environment:checking '/home/ubuntu/Documents/swarm/install/ros2_control_demo_example_2/lib/pkgconfig/ros2_control_demo_example_2.pc'
[4.298s] Level 1:colcon.colcon_core.environment:checking '/home/ubuntu/Documents/swarm/install/ros2_control_demo_example_2/lib/python3.10/site-packages'
[4.299s] Level 1:colcon.colcon_core.environment:checking '/home/ubuntu/Documents/swarm/install/ros2_control_demo_example_2/bin'
[4.311s] INFO:colcon.colcon_core.shell:Creating package script '/home/ubuntu/Documents/swarm/install/ros2_control_demo_example_2/share/ros2_control_demo_example_2/package.ps1'
[4.311s] INFO:colcon.colcon_core.shell:Creating package descriptor '/home/ubuntu/Documents/swarm/install/ros2_control_demo_example_2/share/ros2_control_demo_example_2/package.dsv'
[4.312s] INFO:colcon.colcon_core.shell:Creating package script '/home/ubuntu/Documents/swarm/install/ros2_control_demo_example_2/share/ros2_control_demo_example_2/package.sh'
[4.312s] INFO:colcon.colcon_core.shell:Creating package script '/home/ubuntu/Documents/swarm/install/ros2_control_demo_example_2/share/ros2_control_demo_example_2/package.bash'
[4.312s] INFO:colcon.colcon_core.shell:Creating package script '/home/ubuntu/Documents/swarm/install/ros2_control_demo_example_2/share/ros2_control_demo_example_2/package.zsh'
[4.312s] Level 1:colcon.colcon_core.environment:create_file_with_runtime_dependencies(/home/ubuntu/Documents/swarm/install/ros2_control_demo_example_2/share/colcon-core/packages/ros2_control_demo_example_2)
[9.860s] DEBUG:colcon.colcon_parallel_executor.executor.parallel:closing loop
[9.860s] DEBUG:colcon.colcon_parallel_executor.executor.parallel:loop closed
[9.860s] DEBUG:colcon.colcon_parallel_executor.executor.parallel:run_until_complete finished with '2'
[9.860s] DEBUG:colcon.colcon_core.event_reactor:joining thread
[9.884s] INFO:colcon.colcon_core.plugin_system:Skipping extension 'colcon_notification.desktop_notification.terminal_notifier': Not used on non-Darwin systems
[9.885s] INFO:colcon.colcon_core.plugin_system:Skipping extension 'colcon_notification.desktop_notification.win32': Not used on non-Windows systems
[9.885s] INFO:colcon.colcon_notification.desktop_notification:Sending desktop notification using 'notify2'
[9.898s] DEBUG:colcon.colcon_core.event_reactor:joined thread
[9.912s] INFO:colcon.colcon_core.shell:Creating prefix script '/home/ubuntu/Documents/swarm/install/local_setup.ps1'
[9.914s] INFO:colcon.colcon_core.shell:Creating prefix util module '/home/ubuntu/Documents/swarm/install/_local_setup_util_ps1.py'
[9.915s] INFO:colcon.colcon_core.shell:Creating prefix chain script '/home/ubuntu/Documents/swarm/install/setup.ps1'
[9.929s] INFO:colcon.colcon_core.shell:Creating prefix script '/home/ubuntu/Documents/swarm/install/local_setup.sh'
[9.929s] INFO:colcon.colcon_core.shell:Creating prefix util module '/home/ubuntu/Documents/swarm/install/_local_setup_util_sh.py'
[9.930s] INFO:colcon.colcon_core.shell:Creating prefix chain script '/home/ubuntu/Documents/swarm/install/setup.sh'
[9.943s] INFO:colcon.colcon_core.shell:Creating prefix script '/home/ubuntu/Documents/swarm/install/local_setup.bash'
[9.943s] INFO:colcon.colcon_core.shell:Creating prefix chain script '/home/ubuntu/Documents/swarm/install/setup.bash'
[9.956s] INFO:colcon.colcon_core.shell:Creating prefix script '/home/ubuntu/Documents/swarm/install/local_setup.zsh'
[9.957s] INFO:colcon.colcon_core.shell:Creating prefix chain script '/home/ubuntu/Documents/swarm/install/setup.zsh'
