[0.064s] Invoking command in '/home/ubuntu/Documents/swarm/build/swarm_bot': CMAKE_PREFIX_PATH=${CMAKE_PREFIX_PATH}:/opt/ros/humble /usr/bin/cmake /home/ubuntu/Documents/swarm/ros/src/swarm_bot -DAMENT_CMAKE_SYMLINK_INSTALL=1 -DCMAKE_INSTALL_PREFIX=/home/ubuntu/Documents/swarm/install/swarm_bot
[0.108s] -- The C compiler identification is GNU 11.4.0
[0.164s] -- The CXX compiler identification is GNU 11.4.0
[0.168s] -- Detecting C compiler ABI info
[0.209s] -- Detecting C compiler ABI info - done
[0.214s] -- Check for working C compiler: /usr/bin/cc - skipped
[0.214s] -- Detecting C compile features
[0.215s] -- Detecting C compile features - done
[0.217s] -- Detecting CXX compiler ABI info
[0.279s] -- Detecting CXX compiler ABI info - done
[0.287s] -- Check for working CXX compiler: /usr/bin/c++ - skipped
[0.287s] -- Detecting CXX compile features
[0.288s] -- Detecting CXX compile features - done
[0.290s] -- Found ament_cmake: 1.3.6 (/opt/ros/humble/share/ament_cmake/cmake)
[0.417s] -- Found Python3: /usr/bin/python3.10 (found version "3.10.12") found components: Interpreter 
[0.447s] -- Override CMake install command with custom implementation using symlinks instead of copying resources
[0.470s] -- Found ament_lint_auto: 0.12.9 (/opt/ros/humble/share/ament_lint_auto/cmake)
[0.528s] -- Added test 'copyright' to check source files copyright and LICENSE
[0.529s] -- Added test 'flake8' to check Python code syntax and style conventions
[0.530s] -- Added test 'lint_cmake' to check CMake code style
[0.530s] -- Added test 'pep257' to check Python code against some of the docstring style conventions in PEP 257
[0.531s] -- Added test 'xmllint' to check XML markup files
[0.532s] -- Configuring done
[0.533s] -- Generating done
[0.533s] -- Build files have been written to: /home/ubuntu/Documents/swarm/build/swarm_bot
[0.535s] Invoked command in '/home/ubuntu/Documents/swarm/build/swarm_bot' returned '0': CMAKE_PREFIX_PATH=${CMAKE_PREFIX_PATH}:/opt/ros/humble /usr/bin/cmake /home/ubuntu/Documents/swarm/ros/src/swarm_bot -DAMENT_CMAKE_SYMLINK_INSTALL=1 -DCMAKE_INSTALL_PREFIX=/home/ubuntu/Documents/swarm/install/swarm_bot
[0.536s] Invoking command in '/home/ubuntu/Documents/swarm/build/swarm_bot': CMAKE_PREFIX_PATH=${CMAKE_PREFIX_PATH}:/opt/ros/humble /usr/bin/cmake --build /home/ubuntu/Documents/swarm/build/swarm_bot -- -j8 -l8
[0.551s] Invoked command in '/home/ubuntu/Documents/swarm/build/swarm_bot' returned '0': CMAKE_PREFIX_PATH=${CMAKE_PREFIX_PATH}:/opt/ros/humble /usr/bin/cmake --build /home/ubuntu/Documents/swarm/build/swarm_bot -- -j8 -l8
[0.566s] Invoking command in '/home/ubuntu/Documents/swarm/build/swarm_bot': CMAKE_PREFIX_PATH=${CMAKE_PREFIX_PATH}:/opt/ros/humble /usr/bin/cmake --install /home/ubuntu/Documents/swarm/build/swarm_bot
[0.572s] -- Install configuration: ""
[0.572s] -- Execute custom install script
[0.573s] -- Symlinking: /home/ubuntu/Documents/swarm/install/swarm_bot/share/swarm_bot/config/empty.yaml
[0.576s] -- Symlinking: /home/ubuntu/Documents/swarm/install/swarm_bot/share/swarm_bot/config/gazebo_params.yaml
[0.580s] -- Symlinking: /home/ubuntu/Documents/swarm/install/swarm_bot/share/swarm_bot/config/joystick.yaml
[0.583s] -- Symlinking: /home/ubuntu/Documents/swarm/install/swarm_bot/share/swarm_bot/config/robot_controllers.yaml
[0.586s] -- Symlinking: /home/ubuntu/Documents/swarm/install/swarm_bot/share/swarm_bot/config/view_bot.rviz
[0.590s] -- Symlinking: /home/ubuntu/Documents/swarm/install/swarm_bot/share/swarm_bot/description/camera.xacro
[0.593s] -- Symlinking: /home/ubuntu/Documents/swarm/install/swarm_bot/share/swarm_bot/description/gazebo_control.xacro
[0.597s] -- Symlinking: /home/ubuntu/Documents/swarm/install/swarm_bot/share/swarm_bot/description/inertial_macros.xacro
[0.600s] -- Symlinking: /home/ubuntu/Documents/swarm/install/swarm_bot/share/swarm_bot/description/robot.urdf.xacro
[0.604s] -- Symlinking: /home/ubuntu/Documents/swarm/install/swarm_bot/share/swarm_bot/description/robot_core.xacro
[0.607s] -- Symlinking: /home/ubuntu/Documents/swarm/install/swarm_bot/share/swarm_bot/description/ros2_control.xacro
[0.611s] -- Symlinking: /home/ubuntu/Documents/swarm/install/swarm_bot/share/swarm_bot/launch/joystick.launch.py
[0.614s] -- Symlinking: /home/ubuntu/Documents/swarm/install/swarm_bot/share/swarm_bot/launch/launch_sim.launch.py
[0.617s] -- Symlinking: /home/ubuntu/Documents/swarm/install/swarm_bot/share/swarm_bot/launch/rsp.launch.py
[0.620s] -- Symlinking: /home/ubuntu/Documents/swarm/install/swarm_bot/share/swarm_bot/worlds/empty.world
[0.622s] -- Symlinking: /home/ubuntu/Documents/swarm/install/swarm_bot/share/swarm_bot/worlds/random_env.world
[0.625s] -- Symlinking: /home/ubuntu/Documents/swarm/install/swarm_bot/share/swarm_bot/worlds/vslam_env.world
[0.628s] -- Symlinking: /home/ubuntu/Documents/swarm/install/swarm_bot/share/ament_index/resource_index/package_run_dependencies/swarm_bot
[0.630s] -- Symlinking: /home/ubuntu/Documents/swarm/install/swarm_bot/share/ament_index/resource_index/parent_prefix_path/swarm_bot
[0.633s] -- Symlinking: /home/ubuntu/Documents/swarm/install/swarm_bot/share/swarm_bot/environment/ament_prefix_path.sh
[0.636s] -- Symlinking: /home/ubuntu/Documents/swarm/install/swarm_bot/share/swarm_bot/environment/ament_prefix_path.dsv
[0.639s] -- Symlinking: /home/ubuntu/Documents/swarm/install/swarm_bot/share/swarm_bot/environment/path.sh
[0.642s] -- Symlinking: /home/ubuntu/Documents/swarm/install/swarm_bot/share/swarm_bot/environment/path.dsv
[0.644s] -- Symlinking: /home/ubuntu/Documents/swarm/install/swarm_bot/share/swarm_bot/local_setup.bash
[0.647s] -- Symlinking: /home/ubuntu/Documents/swarm/install/swarm_bot/share/swarm_bot/local_setup.sh
[0.653s] -- Symlinking: /home/ubuntu/Documents/swarm/install/swarm_bot/share/swarm_bot/local_setup.zsh
[0.659s] -- Symlinking: /home/ubuntu/Documents/swarm/install/swarm_bot/share/swarm_bot/local_setup.dsv
[0.665s] -- Symlinking: /home/ubuntu/Documents/swarm/install/swarm_bot/share/swarm_bot/package.dsv
[0.673s] -- Symlinking: /home/ubuntu/Documents/swarm/install/swarm_bot/share/ament_index/resource_index/packages/swarm_bot
[0.677s] -- Symlinking: /home/ubuntu/Documents/swarm/install/swarm_bot/share/swarm_bot/cmake/swarm_botConfig.cmake
[0.679s] -- Symlinking: /home/ubuntu/Documents/swarm/install/swarm_bot/share/swarm_bot/cmake/swarm_botConfig-version.cmake
[0.687s] -- Symlinking: /home/ubuntu/Documents/swarm/install/swarm_bot/share/swarm_bot/package.xml
[0.692s] Invoked command in '/home/ubuntu/Documents/swarm/build/swarm_bot' returned '0': CMAKE_PREFIX_PATH=${CMAKE_PREFIX_PATH}:/opt/ros/humble /usr/bin/cmake --install /home/ubuntu/Documents/swarm/build/swarm_bot
