[0.037s] Invoking command in '/home/ubuntu/Documents/swarm/build/swarm_bot': CMAKE_PREFIX_PATH=/opt/ros/humble /usr/bin/cmake /home/ubuntu/Documents/swarm/ros/src/swarm_bot -DCMAKE_INSTALL_PREFIX=/home/ubuntu/Documents/swarm/install/swarm_bot
[0.093s] -- The C compiler identification is GNU 11.4.0
[0.166s] -- The CXX compiler identification is GNU 11.4.0
[0.171s] -- Detecting C compiler ABI info
[0.206s] -- Detecting C compiler ABI info - done
[0.214s] -- Check for working C compiler: /usr/bin/cc - skipped
[0.214s] -- Detecting C compile features
[0.214s] -- Detecting C compile features - done
[0.217s] -- Detecting CXX compiler ABI info
[0.259s] -- Detecting CXX compiler ABI info - done
[0.267s] -- Check for working CXX compiler: /usr/bin/c++ - skipped
[0.267s] -- Detecting CXX compile features
[0.268s] -- Detecting CXX compile features - done
[0.270s] -- Found ament_cmake: 1.3.6 (/opt/ros/humble/share/ament_cmake/cmake)
[0.374s] -- Found Python3: /usr/bin/python3.10 (found version "3.10.12") found components: Interpreter 
[0.424s] -- Found ament_lint_auto: 0.12.9 (/opt/ros/humble/share/ament_lint_auto/cmake)
[0.494s] -- Added test 'copyright' to check source files copyright and LICENSE
[0.497s] -- Added test 'flake8' to check Python code syntax and style conventions
[0.497s] -- Added test 'lint_cmake' to check CMake code style
[0.498s] -- Added test 'pep257' to check Python code against some of the docstring style conventions in PEP 257
[0.499s] -- Added test 'xmllint' to check XML markup files
[0.501s] -- Configuring done
[0.503s] -- Generating done
[0.504s] -- Build files have been written to: /home/ubuntu/Documents/swarm/build/swarm_bot
[0.508s] Invoked command in '/home/ubuntu/Documents/swarm/build/swarm_bot' returned '0': CMAKE_PREFIX_PATH=/opt/ros/humble /usr/bin/cmake /home/ubuntu/Documents/swarm/ros/src/swarm_bot -DCMAKE_INSTALL_PREFIX=/home/ubuntu/Documents/swarm/install/swarm_bot
[0.509s] Invoking command in '/home/ubuntu/Documents/swarm/build/swarm_bot': CMAKE_PREFIX_PATH=/opt/ros/humble /usr/bin/cmake --build /home/ubuntu/Documents/swarm/build/swarm_bot -- -j8 -l8
[0.539s] Invoked command in '/home/ubuntu/Documents/swarm/build/swarm_bot' returned '0': CMAKE_PREFIX_PATH=/opt/ros/humble /usr/bin/cmake --build /home/ubuntu/Documents/swarm/build/swarm_bot -- -j8 -l8
[0.569s] Invoking command in '/home/ubuntu/Documents/swarm/build/swarm_bot': CMAKE_PREFIX_PATH=/opt/ros/humble /usr/bin/cmake --install /home/ubuntu/Documents/swarm/build/swarm_bot
[0.580s] -- Install configuration: ""
[0.580s] -- Installing: /home/ubuntu/Documents/swarm/install/swarm_bot/share/swarm_bot/config
[0.580s] -- Installing: /home/ubuntu/Documents/swarm/install/swarm_bot/share/swarm_bot/config/view_bot.rviz
[0.581s] -- Installing: /home/ubuntu/Documents/swarm/install/swarm_bot/share/swarm_bot/config/robot_controllers.yaml
[0.581s] -- Installing: /home/ubuntu/Documents/swarm/install/swarm_bot/share/swarm_bot/config/gazebo_params.yaml
[0.581s] -- Installing: /home/ubuntu/Documents/swarm/install/swarm_bot/share/swarm_bot/config/joystick.yaml
[0.581s] -- Installing: /home/ubuntu/Documents/swarm/install/swarm_bot/share/swarm_bot/config/empty.yaml
[0.581s] -- Installing: /home/ubuntu/Documents/swarm/install/swarm_bot/share/swarm_bot/description
[0.581s] -- Installing: /home/ubuntu/Documents/swarm/install/swarm_bot/share/swarm_bot/description/gazebo_control.xacro
[0.581s] -- Installing: /home/ubuntu/Documents/swarm/install/swarm_bot/share/swarm_bot/description/ros2_control.xacro
[0.582s] -- Installing: /home/ubuntu/Documents/swarm/install/swarm_bot/share/swarm_bot/description/robot.urdf.xacro
[0.582s] -- Installing: /home/ubuntu/Documents/swarm/install/swarm_bot/share/swarm_bot/description/camera.xacro
[0.582s] -- Installing: /home/ubuntu/Documents/swarm/install/swarm_bot/share/swarm_bot/description/inertial_macros.xacro
[0.582s] -- Installing: /home/ubuntu/Documents/swarm/install/swarm_bot/share/swarm_bot/description/robot_core.xacro
[0.582s] -- Installing: /home/ubuntu/Documents/swarm/install/swarm_bot/share/swarm_bot/launch
[0.582s] -- Installing: /home/ubuntu/Documents/swarm/install/swarm_bot/share/swarm_bot/launch/launch_sim.launch.py
[0.582s] -- Installing: /home/ubuntu/Documents/swarm/install/swarm_bot/share/swarm_bot/launch/joystick.launch.py
[0.582s] -- Installing: /home/ubuntu/Documents/swarm/install/swarm_bot/share/swarm_bot/launch/rsp.launch.py
[0.583s] -- Installing: /home/ubuntu/Documents/swarm/install/swarm_bot/share/swarm_bot/worlds
[0.583s] -- Installing: /home/ubuntu/Documents/swarm/install/swarm_bot/share/swarm_bot/worlds/random_env.world
[0.583s] -- Installing: /home/ubuntu/Documents/swarm/install/swarm_bot/share/swarm_bot/worlds/vslam_env.world
[0.583s] -- Installing: /home/ubuntu/Documents/swarm/install/swarm_bot/share/swarm_bot/worlds/empty.world
[0.583s] -- Installing: /home/ubuntu/Documents/swarm/install/swarm_bot/share/ament_index/resource_index/package_run_dependencies/swarm_bot
[0.583s] -- Installing: /home/ubuntu/Documents/swarm/install/swarm_bot/share/ament_index/resource_index/parent_prefix_path/swarm_bot
[0.583s] -- Installing: /home/ubuntu/Documents/swarm/install/swarm_bot/share/swarm_bot/environment/ament_prefix_path.sh
[0.583s] -- Installing: /home/ubuntu/Documents/swarm/install/swarm_bot/share/swarm_bot/environment/ament_prefix_path.dsv
[0.583s] -- Installing: /home/ubuntu/Documents/swarm/install/swarm_bot/share/swarm_bot/environment/path.sh
[0.583s] -- Installing: /home/ubuntu/Documents/swarm/install/swarm_bot/share/swarm_bot/environment/path.dsv
[0.583s] -- Installing: /home/ubuntu/Documents/swarm/install/swarm_bot/share/swarm_bot/local_setup.bash
[0.584s] -- Installing: /home/ubuntu/Documents/swarm/install/swarm_bot/share/swarm_bot/local_setup.sh
[0.584s] -- Installing: /home/ubuntu/Documents/swarm/install/swarm_bot/share/swarm_bot/local_setup.zsh
[0.584s] -- Installing: /home/ubuntu/Documents/swarm/install/swarm_bot/share/swarm_bot/local_setup.dsv
[0.584s] -- Installing: /home/ubuntu/Documents/swarm/install/swarm_bot/share/swarm_bot/package.dsv
[0.584s] -- Installing: /home/ubuntu/Documents/swarm/install/swarm_bot/share/ament_index/resource_index/packages/swarm_bot
[0.584s] -- Installing: /home/ubuntu/Documents/swarm/install/swarm_bot/share/swarm_bot/cmake/swarm_botConfig.cmake
[0.584s] -- Installing: /home/ubuntu/Documents/swarm/install/swarm_bot/share/swarm_bot/cmake/swarm_botConfig-version.cmake
[0.584s] -- Installing: /home/ubuntu/Documents/swarm/install/swarm_bot/share/swarm_bot/package.xml
[0.585s] Invoked command in '/home/ubuntu/Documents/swarm/build/swarm_bot' returned '0': CMAKE_PREFIX_PATH=/opt/ros/humble /usr/bin/cmake --install /home/ubuntu/Documents/swarm/build/swarm_bot
